{"/Users/jakeunsted/Documents/Git/meal-diary-1/api/index.ts": {"path":"/Users/jakeunsted/Documents/Git/meal-diary-1/api/index.ts","statementMap":{"0":{"start":{"line":18,"column":18},"end":{"line":18,"column":null}},"1":{"start":{"line":19,"column":6},"end":{"line":19,"column":null}},"2":{"start":{"line":20,"column":13},"end":{"line":20,"column":null}},"3":{"start":{"line":23,"column":6},"end":{"line":23,"column":null}},"4":{"start":{"line":24,"column":0},"end":{"line":28,"column":null}},"5":{"start":{"line":25,"column":2},"end":{"line":25,"column":null}},"6":{"start":{"line":26,"column":7},"end":{"line":28,"column":null}},"7":{"start":{"line":27,"column":2},"end":{"line":27,"column":null}},"8":{"start":{"line":33,"column":0},"end":{"line":33,"column":null}},"9":{"start":{"line":34,"column":0},"end":{"line":34,"column":null}},"10":{"start":{"line":50,"column":0},"end":{"line":50,"column":null}},"11":{"start":{"line":53,"column":0},"end":{"line":55,"column":null}},"12":{"start":{"line":54,"column":2},"end":{"line":54,"column":null}},"13":{"start":{"line":58,"column":0},"end":{"line":58,"column":null}},"14":{"start":{"line":59,"column":0},"end":{"line":59,"column":null}},"15":{"start":{"line":60,"column":0},"end":{"line":60,"column":null}},"16":{"start":{"line":61,"column":0},"end":{"line":61,"column":null}},"17":{"start":{"line":62,"column":0},"end":{"line":62,"column":null}},"18":{"start":{"line":63,"column":0},"end":{"line":63,"column":null}},"19":{"start":{"line":64,"column":0},"end":{"line":64,"column":null}},"20":{"start":{"line":67,"column":0},"end":{"line":69,"column":null}},"21":{"start":{"line":68,"column":2},"end":{"line":68,"column":null}},"22":{"start":{"line":72,"column":0},"end":{"line":72,"column":null}},"23":{"start":{"line":75,"column":0},"end":{"line":75,"column":null}},"24":{"start":{"line":78,"column":0},"end":{"line":78,"column":null}},"25":{"start":{"line":81,"column":1},"end":{"line":92,"column":null}},"26":{"start":{"line":82,"column":24},"end":{"line":82,"column":null}},"27":{"start":{"line":84,"column":2},"end":{"line":91,"column":null}},"28":{"start":{"line":86,"column":4},"end":{"line":88,"column":null}},"29":{"start":{"line":87,"column":6},"end":{"line":87,"column":null}},"30":{"start":{"line":90,"column":4},"end":{"line":90,"column":null}},"31":{"start":{"line":95,"column":0},"end":{"line":99,"column":null}},"32":{"start":{"line":96,"column":2},"end":{"line":96,"column":null}},"33":{"start":{"line":97,"column":2},"end":{"line":97,"column":null}},"34":{"start":{"line":98,"column":2},"end":{"line":98,"column":null}},"35":{"start":{"line":101,"column":0},"end":{"line":105,"column":null}},"36":{"start":{"line":102,"column":2},"end":{"line":102,"column":null}},"37":{"start":{"line":103,"column":2},"end":{"line":103,"column":null}},"38":{"start":{"line":104,"column":2},"end":{"line":104,"column":null}}},"fnMap":{"0":{"name":"(anonymous_0)","decl":{"start":{"line":67,"column":8},"end":{"line":67,"column":20}},"loc":{"start":{"line":67,"column":52},"end":{"line":69,"column":1}},"line":67},"1":{"name":"(anonymous_1)","decl":{"start":{"line":81,"column":1},"end":{"line":81,"column":13}},"loc":{"start":{"line":81,"column":13},"end":{"line":92,"column":3}},"line":81},"2":{"name":"(anonymous_2)","decl":{"start":{"line":86,"column":15},"end":{"line":86,"column":27}},"loc":{"start":{"line":86,"column":27},"end":{"line":88,"column":5}},"line":86},"3":{"name":"(anonymous_3)","decl":{"start":{"line":95,"column":22},"end":{"line":95,"column":34}},"loc":{"start":{"line":95,"column":34},"end":{"line":99,"column":1}},"line":95},"4":{"name":"(anonymous_4)","decl":{"start":{"line":101,"column":21},"end":{"line":101,"column":33}},"loc":{"start":{"line":101,"column":33},"end":{"line":105,"column":1}},"line":101}},"branchMap":{"0":{"loc":{"start":{"line":20,"column":13},"end":{"line":20,"column":null}},"type":"binary-expr","locations":[{"start":{"line":20,"column":13},"end":{"line":20,"column":33}},{"start":{"line":20,"column":33},"end":{"line":20,"column":null}}],"line":20},"1":{"loc":{"start":{"line":24,"column":0},"end":{"line":28,"column":null}},"type":"if","locations":[{"start":{"line":24,"column":0},"end":{"line":28,"column":null}},{"start":{"line":26,"column":7},"end":{"line":28,"column":null}}],"line":24},"2":{"loc":{"start":{"line":26,"column":7},"end":{"line":28,"column":null}},"type":"if","locations":[{"start":{"line":26,"column":7},"end":{"line":28,"column":null}},{"start":{},"end":{}}],"line":26},"3":{"loc":{"start":{"line":53,"column":0},"end":{"line":55,"column":null}},"type":"if","locations":[{"start":{"line":53,"column":0},"end":{"line":55,"column":null}},{"start":{},"end":{}}],"line":53},"4":{"loc":{"start":{"line":84,"column":2},"end":{"line":91,"column":null}},"type":"if","locations":[{"start":{"line":84,"column":2},"end":{"line":91,"column":null}},{"start":{"line":89,"column":9},"end":{"line":91,"column":null}}],"line":84}},"s":{"0":0,"1":0,"2":0,"3":0,"4":0,"5":0,"6":0,"7":0,"8":0,"9":0,"10":0,"11":0,"12":0,"13":0,"14":0,"15":0,"16":0,"17":0,"18":0,"19":0,"20":0,"21":0,"22":0,"23":0,"24":0,"25":0,"26":0,"27":0,"28":0,"29":0,"30":0,"31":0,"32":0,"33":0,"34":0,"35":0,"36":0,"37":0,"38":0},"f":{"0":0,"1":0,"2":0,"3":0,"4":0},"b":{"0":[0,0],"1":[0,0],"2":[0,0],"3":[0,0],"4":[0,0]},"meta":{"lastBranch":5,"lastFunction":5,"lastStatement":39,"seen":{"s:18:18:18:Infinity":0,"s:19:6:19:Infinity":1,"s:20:13:20:Infinity":2,"b:20:13:20:33:20:33:20:Infinity":0,"s:23:6:23:Infinity":3,"b:24:0:28:Infinity:26:7:28:Infinity":1,"s:24:0:28:Infinity":4,"s:25:2:25:Infinity":5,"b:26:7:28:Infinity:undefined:undefined:undefined:undefined":2,"s:26:7:28:Infinity":6,"s:27:2:27:Infinity":7,"s:33:0:33:Infinity":8,"s:34:0:34:Infinity":9,"s:50:0:50:Infinity":10,"b:53:0:55:Infinity:undefined:undefined:undefined:undefined":3,"s:53:0:55:Infinity":11,"s:54:2:54:Infinity":12,"s:58:0:58:Infinity":13,"s:59:0:59:Infinity":14,"s:60:0:60:Infinity":15,"s:61:0:61:Infinity":16,"s:62:0:62:Infinity":17,"s:63:0:63:Infinity":18,"s:64:0:64:Infinity":19,"s:67:0:69:Infinity":20,"f:67:8:67:20":0,"s:68:2:68:Infinity":21,"s:72:0:72:Infinity":22,"s:75:0:75:Infinity":23,"s:78:0:78:Infinity":24,"s:81:1:92:Infinity":25,"f:81:1:81:13":1,"s:82:24:82:Infinity":26,"b:84:2:91:Infinity:89:9:91:Infinity":4,"s:84:2:91:Infinity":27,"s:86:4:88:Infinity":28,"f:86:15:86:27":2,"s:87:6:87:Infinity":29,"s:90:4:90:Infinity":30,"s:95:0:99:Infinity":31,"f:95:22:95:34":3,"s:96:2:96:Infinity":32,"s:97:2:97:Infinity":33,"s:98:2:98:Infinity":34,"s:101:0:105:Infinity":35,"f:101:21:101:33":4,"s:102:2:102:Infinity":36,"s:103:2:103:Infinity":37,"s:104:2:104:Infinity":38}}}
,"/Users/jakeunsted/Documents/Git/meal-diary-1/api/swagger.ts": {"path":"/Users/jakeunsted/Documents/Git/meal-diary-1/api/swagger.ts","statementMap":{"0":{"start":{"line":4,"column":16},"end":{"line":20,"column":null}},"1":{"start":{"line":22,"column":6},"end":{"line":22,"column":null}}},"fnMap":{},"branchMap":{},"s":{"0":0,"1":0},"f":{},"b":{},"meta":{"lastBranch":0,"lastFunction":0,"lastStatement":2,"seen":{"s:4:16:20:Infinity":0,"s:22:6:22:Infinity":1}}}
,"/Users/jakeunsted/Documents/Git/meal-diary-1/api/config/googleOAuth.config.ts": {"path":"/Users/jakeunsted/Documents/Git/meal-diary-1/api/config/googleOAuth.config.ts","statementMap":{"0":{"start":{"line":4,"column":25},"end":{"line":4,"column":null}},"1":{"start":{"line":5,"column":29},"end":{"line":5,"column":null}},"2":{"start":{"line":6,"column":28},"end":{"line":6,"column":null}},"3":{"start":{"line":8,"column":0},"end":{"line":10,"column":null}},"4":{"start":{"line":9,"column":2},"end":{"line":9,"column":null}},"5":{"start":{"line":15,"column":0},"end":{"line":39,"column":null}},"6":{"start":{"line":23,"column":6},"end":{"line":36,"column":null}},"7":{"start":{"line":26,"column":8},"end":{"line":33,"column":null}},"8":{"start":{"line":35,"column":8},"end":{"line":35,"column":null}}},"fnMap":{"0":{"name":"(anonymous_0)","decl":{"start":{"line":22,"column":4},"end":{"line":22,"column":11}},"loc":{"start":{"line":22,"column":56},"end":{"line":37,"column":null}},"line":22}},"branchMap":{"0":{"loc":{"start":{"line":6,"column":28},"end":{"line":6,"column":null}},"type":"binary-expr","locations":[{"start":{"line":6,"column":28},"end":{"line":6,"column":63}},{"start":{"line":6,"column":63},"end":{"line":6,"column":null}}],"line":6},"1":{"loc":{"start":{"line":8,"column":0},"end":{"line":10,"column":null}},"type":"if","locations":[{"start":{"line":8,"column":0},"end":{"line":10,"column":null}},{"start":{},"end":{}}],"line":8},"2":{"loc":{"start":{"line":8,"column":4},"end":{"line":8,"column":48}},"type":"binary-expr","locations":[{"start":{"line":8,"column":4},"end":{"line":8,"column":25}},{"start":{"line":8,"column":25},"end":{"line":8,"column":48}}],"line":8},"3":{"loc":{"start":{"line":18,"column":16},"end":{"line":18,"column":null}},"type":"binary-expr","locations":[{"start":{"line":18,"column":16},"end":{"line":18,"column":36}},{"start":{"line":18,"column":36},"end":{"line":18,"column":null}}],"line":18},"4":{"loc":{"start":{"line":19,"column":20},"end":{"line":19,"column":null}},"type":"binary-expr","locations":[{"start":{"line":19,"column":20},"end":{"line":19,"column":44}},{"start":{"line":19,"column":44},"end":{"line":19,"column":null}}],"line":19}},"s":{"0":0,"1":0,"2":0,"3":0,"4":0,"5":0,"6":0,"7":0,"8":0},"f":{"0":0},"b":{"0":[0,0],"1":[0,0],"2":[0,0],"3":[0,0],"4":[0,0]},"meta":{"lastBranch":5,"lastFunction":1,"lastStatement":9,"seen":{"s:4:25:4:Infinity":0,"s:5:29:5:Infinity":1,"s:6:28:6:Infinity":2,"b:6:28:6:63:6:63:6:Infinity":0,"b:8:0:10:Infinity:undefined:undefined:undefined:undefined":1,"s:8:0:10:Infinity":3,"b:8:4:8:25:8:25:8:48":2,"s:9:2:9:Infinity":4,"s:15:0:39:Infinity":5,"b:18:16:18:36:18:36:18:Infinity":3,"b:19:20:19:44:19:44:19:Infinity":4,"f:22:4:22:11":0,"s:23:6:36:Infinity":6,"s:26:8:33:Infinity":7,"s:35:8:35:Infinity":8}}}
,"/Users/jakeunsted/Documents/Git/meal-diary-1/api/constants/four-letter-words.ts": {"path":"/Users/jakeunsted/Documents/Git/meal-diary-1/api/constants/four-letter-words.ts","statementMap":{"0":{"start":{"line":1,"column":41},"end":{"line":7187,"column":null}}},"fnMap":{},"branchMap":{},"s":{"0":0},"f":{},"b":{},"meta":{"lastBranch":0,"lastFunction":0,"lastStatement":1,"seen":{"s:1:41:7187:Infinity":0}}}
,"/Users/jakeunsted/Documents/Git/meal-diary-1/api/controllers/auth/auth.controller.ts": {"path":"/Users/jakeunsted/Documents/Git/meal-diary-1/api/controllers/auth/auth.controller.ts","statementMap":{"0":{"start":{"line":13,"column":21},"end":{"line":78,"column":null}},"1":{"start":{"line":14,"column":2},"end":{"line":77,"column":null}},"2":{"start":{"line":15,"column":32},"end":{"line":15,"column":null}},"3":{"start":{"line":17,"column":4},"end":{"line":24,"column":null}},"4":{"start":{"line":18,"column":6},"end":{"line":18,"column":null}},"5":{"start":{"line":19,"column":12},"end":{"line":19,"column":null}},"6":{"start":{"line":20,"column":6},"end":{"line":22,"column":null}},"7":{"start":{"line":23,"column":6},"end":{"line":23,"column":null}},"8":{"start":{"line":26,"column":4},"end":{"line":69,"column":null}},"9":{"start":{"line":27,"column":31},"end":{"line":27,"column":null}},"10":{"start":{"line":30,"column":6},"end":{"line":32,"column":null}},"11":{"start":{"line":35,"column":6},"end":{"line":41,"column":null}},"12":{"start":{"line":44,"column":6},"end":{"line":48,"column":null}},"13":{"start":{"line":50,"column":27},"end":{"line":50,"column":null}},"14":{"start":{"line":51,"column":25},"end":{"line":51,"column":null}},"15":{"start":{"line":53,"column":6},"end":{"line":53,"column":null}},"16":{"start":{"line":56,"column":19},"end":{"line":56,"column":null}},"17":{"start":{"line":57,"column":6},"end":{"line":63,"column":null}},"18":{"start":{"line":58,"column":8},"end":{"line":58,"column":null}},"19":{"start":{"line":59,"column":13},"end":{"line":63,"column":null}},"20":{"start":{"line":60,"column":8},"end":{"line":60,"column":null}},"21":{"start":{"line":61,"column":13},"end":{"line":63,"column":null}},"22":{"start":{"line":62,"column":8},"end":{"line":62,"column":null}},"23":{"start":{"line":65,"column":12},"end":{"line":65,"column":null}},"24":{"start":{"line":66,"column":6},"end":{"line":68,"column":null}},"25":{"start":{"line":71,"column":4},"end":{"line":71,"column":null}},"26":{"start":{"line":72,"column":4},"end":{"line":72,"column":null}},"27":{"start":{"line":73,"column":10},"end":{"line":73,"column":null}},"28":{"start":{"line":74,"column":4},"end":{"line":76,"column":null}},"29":{"start":{"line":86,"column":28},"end":{"line":190,"column":null}},"30":{"start":{"line":87,"column":2},"end":{"line":189,"column":null}},"31":{"start":{"line":88,"column":29},"end":{"line":88,"column":null}},"32":{"start":{"line":90,"column":4},"end":{"line":94,"column":null}},"33":{"start":{"line":96,"column":4},"end":{"line":104,"column":null}},"34":{"start":{"line":97,"column":6},"end":{"line":97,"column":null}},"35":{"start":{"line":98,"column":6},"end":{"line":98,"column":null}},"36":{"start":{"line":99,"column":12},"end":{"line":99,"column":null}},"37":{"start":{"line":100,"column":6},"end":{"line":102,"column":null}},"38":{"start":{"line":103,"column":6},"end":{"line":103,"column":null}},"39":{"start":{"line":106,"column":4},"end":{"line":165,"column":null}},"40":{"start":{"line":107,"column":31},"end":{"line":107,"column":null}},"41":{"start":{"line":109,"column":6},"end":{"line":113,"column":null}},"42":{"start":{"line":116,"column":6},"end":{"line":116,"column":null}},"43":{"start":{"line":118,"column":6},"end":{"line":121,"column":null}},"44":{"start":{"line":123,"column":27},"end":{"line":123,"column":null}},"45":{"start":{"line":126,"column":19},"end":{"line":126,"column":null}},"46":{"start":{"line":127,"column":23},"end":{"line":127,"column":null}},"47":{"start":{"line":129,"column":6},"end":{"line":140,"column":null}},"48":{"start":{"line":130,"column":8},"end":{"line":130,"column":null}},"49":{"start":{"line":131,"column":8},"end":{"line":131,"column":null}},"50":{"start":{"line":132,"column":13},"end":{"line":140,"column":null}},"51":{"start":{"line":133,"column":8},"end":{"line":133,"column":null}},"52":{"start":{"line":134,"column":8},"end":{"line":134,"column":null}},"53":{"start":{"line":135,"column":13},"end":{"line":140,"column":null}},"54":{"start":{"line":136,"column":8},"end":{"line":136,"column":null}},"55":{"start":{"line":137,"column":8},"end":{"line":137,"column":null}},"56":{"start":{"line":138,"column":13},"end":{"line":140,"column":null}},"57":{"start":{"line":139,"column":8},"end":{"line":139,"column":null}},"58":{"start":{"line":142,"column":6},"end":{"line":146,"column":null}},"59":{"start":{"line":148,"column":6},"end":{"line":148,"column":null}},"60":{"start":{"line":151,"column":10},"end":{"line":151,"column":null}},"61":{"start":{"line":152,"column":6},"end":{"line":160,"column":null}},"62":{"start":{"line":153,"column":30},"end":{"line":153,"column":null}},"63":{"start":{"line":154,"column":8},"end":{"line":157,"column":null}},"64":{"start":{"line":155,"column":26},"end":{"line":155,"column":null}},"65":{"start":{"line":156,"column":10},"end":{"line":156,"column":null}},"66":{"start":{"line":162,"column":6},"end":{"line":164,"column":null}},"67":{"start":{"line":167,"column":4},"end":{"line":178,"column":null}},"68":{"start":{"line":168,"column":6},"end":{"line":171,"column":null}},"69":{"start":{"line":172,"column":6},"end":{"line":172,"column":null}},"70":{"start":{"line":173,"column":12},"end":{"line":173,"column":null}},"71":{"start":{"line":174,"column":6},"end":{"line":176,"column":null}},"72":{"start":{"line":177,"column":6},"end":{"line":177,"column":null}},"73":{"start":{"line":179,"column":18},"end":{"line":179,"column":null}},"74":{"start":{"line":180,"column":4},"end":{"line":183,"column":null}},"75":{"start":{"line":184,"column":4},"end":{"line":184,"column":null}},"76":{"start":{"line":185,"column":10},"end":{"line":185,"column":null}},"77":{"start":{"line":186,"column":4},"end":{"line":188,"column":null}},"78":{"start":{"line":198,"column":22},"end":{"line":220,"column":null}},"79":{"start":{"line":199,"column":2},"end":{"line":219,"column":null}},"80":{"start":{"line":200,"column":17},"end":{"line":200,"column":null}},"81":{"start":{"line":201,"column":25},"end":{"line":201,"column":null}},"82":{"start":{"line":203,"column":4},"end":{"line":203,"column":null}},"83":{"start":{"line":206,"column":4},"end":{"line":208,"column":null}},"84":{"start":{"line":207,"column":6},"end":{"line":207,"column":null}},"85":{"start":{"line":210,"column":4},"end":{"line":210,"column":null}},"86":{"start":{"line":212,"column":4},"end":{"line":212,"column":null}},"87":{"start":{"line":213,"column":17},"end":{"line":213,"column":null}},"88":{"start":{"line":214,"column":4},"end":{"line":218,"column":null}},"89":{"start":{"line":215,"column":6},"end":{"line":217,"column":null}},"90":{"start":{"line":228,"column":29},"end":{"line":254,"column":null}},"91":{"start":{"line":229,"column":2},"end":{"line":253,"column":null}},"92":{"start":{"line":232,"column":17},"end":{"line":232,"column":null}},"93":{"start":{"line":235,"column":4},"end":{"line":237,"column":null}},"94":{"start":{"line":236,"column":6},"end":{"line":236,"column":null}},"95":{"start":{"line":239,"column":4},"end":{"line":242,"column":null}},"96":{"start":{"line":244,"column":4},"end":{"line":244,"column":null}},"97":{"start":{"line":245,"column":4},"end":{"line":248,"column":null}},"98":{"start":{"line":249,"column":10},"end":{"line":249,"column":null}},"99":{"start":{"line":250,"column":4},"end":{"line":252,"column":null}},"100":{"start":{"line":262,"column":34},"end":{"line":304,"column":null}},"101":{"start":{"line":263,"column":2},"end":{"line":303,"column":null}},"102":{"start":{"line":264,"column":29},"end":{"line":264,"column":null}},"103":{"start":{"line":265,"column":32},"end":{"line":265,"column":null}},"104":{"start":{"line":266,"column":25},"end":{"line":266,"column":null}},"105":{"start":{"line":268,"column":4},"end":{"line":271,"column":null}},"106":{"start":{"line":269,"column":6},"end":{"line":269,"column":null}},"107":{"start":{"line":270,"column":6},"end":{"line":270,"column":null}},"108":{"start":{"line":274,"column":10},"end":{"line":274,"column":null}},"109":{"start":{"line":275,"column":4},"end":{"line":275,"column":null}},"110":{"start":{"line":278,"column":18},"end":{"line":278,"column":null}},"111":{"start":{"line":282,"column":24},"end":{"line":289,"column":null}},"112":{"start":{"line":292,"column":4},"end":{"line":297,"column":null}},"113":{"start":{"line":299,"column":4},"end":{"line":299,"column":null}},"114":{"start":{"line":301,"column":4},"end":{"line":301,"column":null}},"115":{"start":{"line":302,"column":4},"end":{"line":302,"column":null}},"116":{"start":{"line":312,"column":36},"end":{"line":413,"column":null}},"117":{"start":{"line":313,"column":2},"end":{"line":412,"column":null}},"118":{"start":{"line":314,"column":28},"end":{"line":314,"column":null}},"119":{"start":{"line":315,"column":24},"end":{"line":315,"column":null}},"120":{"start":{"line":316,"column":25},"end":{"line":316,"column":null}},"121":{"start":{"line":319,"column":4},"end":{"line":327,"column":null}},"122":{"start":{"line":320,"column":6},"end":{"line":320,"column":null}},"123":{"start":{"line":321,"column":12},"end":{"line":321,"column":null}},"124":{"start":{"line":322,"column":6},"end":{"line":324,"column":null}},"125":{"start":{"line":325,"column":6},"end":{"line":325,"column":null}},"126":{"start":{"line":326,"column":6},"end":{"line":326,"column":null}},"127":{"start":{"line":330,"column":4},"end":{"line":330,"column":null}},"128":{"start":{"line":332,"column":4},"end":{"line":340,"column":null}},"129":{"start":{"line":333,"column":6},"end":{"line":333,"column":null}},"130":{"start":{"line":334,"column":12},"end":{"line":334,"column":null}},"131":{"start":{"line":335,"column":6},"end":{"line":337,"column":null}},"132":{"start":{"line":338,"column":6},"end":{"line":338,"column":null}},"133":{"start":{"line":339,"column":6},"end":{"line":339,"column":null}},"134":{"start":{"line":342,"column":4},"end":{"line":403,"column":null}},"135":{"start":{"line":344,"column":26},"end":{"line":344,"column":null}},"136":{"start":{"line":347,"column":27},"end":{"line":347,"column":null}},"137":{"start":{"line":348,"column":24},"end":{"line":348,"column":null}},"138":{"start":{"line":351,"column":19},"end":{"line":351,"column":null}},"139":{"start":{"line":354,"column":21},"end":{"line":354,"column":null}},"140":{"start":{"line":357,"column":6},"end":{"line":359,"column":null}},"141":{"start":{"line":362,"column":6},"end":{"line":364,"column":null}},"142":{"start":{"line":367,"column":23},"end":{"line":377,"column":null}},"143":{"start":{"line":380,"column":6},"end":{"line":386,"column":null}},"144":{"start":{"line":389,"column":26},"end":{"line":392,"column":null}},"145":{"start":{"line":394,"column":6},"end":{"line":394,"column":null}},"146":{"start":{"line":396,"column":6},"end":{"line":396,"column":null}},"147":{"start":{"line":397,"column":27},"end":{"line":397,"column":null}},"148":{"start":{"line":398,"column":12},"end":{"line":398,"column":null}},"149":{"start":{"line":399,"column":6},"end":{"line":401,"column":null}},"150":{"start":{"line":402,"column":6},"end":{"line":402,"column":null}},"151":{"start":{"line":405,"column":4},"end":{"line":405,"column":null}},"152":{"start":{"line":406,"column":25},"end":{"line":406,"column":null}},"153":{"start":{"line":407,"column":10},"end":{"line":407,"column":null}},"154":{"start":{"line":408,"column":4},"end":{"line":410,"column":null}},"155":{"start":{"line":411,"column":4},"end":{"line":411,"column":null}}},"fnMap":{"0":{"name":"(anonymous_0)","decl":{"start":{"line":13,"column":21},"end":{"line":13,"column":28}},"loc":{"start":{"line":13,"column":75},"end":{"line":78,"column":null}},"line":13},"1":{"name":"(anonymous_1)","decl":{"start":{"line":86,"column":28},"end":{"line":86,"column":35}},"loc":{"start":{"line":86,"column":82},"end":{"line":190,"column":null}},"line":86},"2":{"name":"(anonymous_2)","decl":{"start":{"line":198,"column":22},"end":{"line":198,"column":29}},"loc":{"start":{"line":198,"column":76},"end":{"line":220,"column":null}},"line":198},"3":{"name":"(anonymous_3)","decl":{"start":{"line":228,"column":29},"end":{"line":228,"column":36}},"loc":{"start":{"line":228,"column":83},"end":{"line":254,"column":null}},"line":228},"4":{"name":"(anonymous_4)","decl":{"start":{"line":262,"column":34},"end":{"line":262,"column":41}},"loc":{"start":{"line":262,"column":88},"end":{"line":304,"column":null}},"line":262},"5":{"name":"(anonymous_5)","decl":{"start":{"line":312,"column":36},"end":{"line":312,"column":43}},"loc":{"start":{"line":312,"column":90},"end":{"line":413,"column":null}},"line":312}},"branchMap":{"0":{"loc":{"start":{"line":17,"column":4},"end":{"line":24,"column":null}},"type":"if","locations":[{"start":{"line":17,"column":4},"end":{"line":24,"column":null}},{"start":{},"end":{}}],"line":17},"1":{"loc":{"start":{"line":17,"column":8},"end":{"line":17,"column":29}},"type":"binary-expr","locations":[{"start":{"line":17,"column":8},"end":{"line":17,"column":18}},{"start":{"line":17,"column":18},"end":{"line":17,"column":29}}],"line":17},"2":{"loc":{"start":{"line":50,"column":27},"end":{"line":50,"column":null}},"type":"cond-expr","locations":[{"start":{"line":50,"column":56},"end":{"line":50,"column":76}},{"start":{"line":50,"column":76},"end":{"line":50,"column":null}}],"line":50},"3":{"loc":{"start":{"line":51,"column":25},"end":{"line":51,"column":null}},"type":"cond-expr","locations":[{"start":{"line":51,"column":61},"end":{"line":51,"column":67}},{"start":{"line":51,"column":67},"end":{"line":51,"column":null}}],"line":51},"4":{"loc":{"start":{"line":57,"column":6},"end":{"line":63,"column":null}},"type":"if","locations":[{"start":{"line":57,"column":6},"end":{"line":63,"column":null}},{"start":{"line":59,"column":13},"end":{"line":63,"column":null}}],"line":57},"5":{"loc":{"start":{"line":59,"column":13},"end":{"line":63,"column":null}},"type":"if","locations":[{"start":{"line":59,"column":13},"end":{"line":63,"column":null}},{"start":{"line":61,"column":13},"end":{"line":63,"column":null}}],"line":59},"6":{"loc":{"start":{"line":61,"column":13},"end":{"line":63,"column":null}},"type":"if","locations":[{"start":{"line":61,"column":13},"end":{"line":63,"column":null}},{"start":{},"end":{}}],"line":61},"7":{"loc":{"start":{"line":93,"column":20},"end":{"line":93,"column":null}},"type":"cond-expr","locations":[{"start":{"line":93,"column":35},"end":{"line":93,"column":75}},{"start":{"line":93,"column":75},"end":{"line":93,"column":null}}],"line":93},"8":{"loc":{"start":{"line":96,"column":4},"end":{"line":104,"column":null}},"type":"if","locations":[{"start":{"line":96,"column":4},"end":{"line":104,"column":null}},{"start":{},"end":{}}],"line":96},"9":{"loc":{"start":{"line":123,"column":27},"end":{"line":123,"column":null}},"type":"cond-expr","locations":[{"start":{"line":123,"column":59},"end":{"line":123,"column":82}},{"start":{"line":123,"column":82},"end":{"line":123,"column":null}}],"line":123},"10":{"loc":{"start":{"line":129,"column":6},"end":{"line":140,"column":null}},"type":"if","locations":[{"start":{"line":129,"column":6},"end":{"line":140,"column":null}},{"start":{"line":132,"column":13},"end":{"line":140,"column":null}}],"line":129},"11":{"loc":{"start":{"line":132,"column":13},"end":{"line":140,"column":null}},"type":"if","locations":[{"start":{"line":132,"column":13},"end":{"line":140,"column":null}},{"start":{"line":135,"column":13},"end":{"line":140,"column":null}}],"line":132},"12":{"loc":{"start":{"line":135,"column":13},"end":{"line":140,"column":null}},"type":"if","locations":[{"start":{"line":135,"column":13},"end":{"line":140,"column":null}},{"start":{"line":138,"column":13},"end":{"line":140,"column":null}}],"line":135},"13":{"loc":{"start":{"line":138,"column":13},"end":{"line":140,"column":null}},"type":"if","locations":[{"start":{"line":138,"column":13},"end":{"line":140,"column":null}},{"start":{},"end":{}}],"line":138},"14":{"loc":{"start":{"line":154,"column":8},"end":{"line":157,"column":null}},"type":"if","locations":[{"start":{"line":154,"column":8},"end":{"line":157,"column":null}},{"start":{},"end":{}}],"line":154},"15":{"loc":{"start":{"line":167,"column":4},"end":{"line":178,"column":null}},"type":"if","locations":[{"start":{"line":167,"column":4},"end":{"line":178,"column":null}},{"start":{},"end":{}}],"line":167},"16":{"loc":{"start":{"line":206,"column":4},"end":{"line":208,"column":null}},"type":"if","locations":[{"start":{"line":206,"column":4},"end":{"line":208,"column":null}},{"start":{},"end":{}}],"line":206},"17":{"loc":{"start":{"line":214,"column":4},"end":{"line":218,"column":null}},"type":"if","locations":[{"start":{"line":214,"column":4},"end":{"line":218,"column":null}},{"start":{},"end":{}}],"line":214},"18":{"loc":{"start":{"line":216,"column":15},"end":{"line":216,"column":null}},"type":"cond-expr","locations":[{"start":{"line":216,"column":40},"end":{"line":216,"column":56}},{"start":{"line":216,"column":56},"end":{"line":216,"column":null}}],"line":216},"19":{"loc":{"start":{"line":235,"column":4},"end":{"line":237,"column":null}},"type":"if","locations":[{"start":{"line":235,"column":4},"end":{"line":237,"column":null}},{"start":{},"end":{}}],"line":235},"20":{"loc":{"start":{"line":265,"column":32},"end":{"line":265,"column":null}},"type":"binary-expr","locations":[{"start":{"line":265,"column":32},"end":{"line":265,"column":67}},{"start":{"line":265,"column":67},"end":{"line":265,"column":null}}],"line":265},"21":{"loc":{"start":{"line":266,"column":25},"end":{"line":266,"column":null}},"type":"binary-expr","locations":[{"start":{"line":266,"column":25},"end":{"line":266,"column":53}},{"start":{"line":266,"column":53},"end":{"line":266,"column":null}}],"line":266},"22":{"loc":{"start":{"line":268,"column":4},"end":{"line":271,"column":null}},"type":"if","locations":[{"start":{"line":268,"column":4},"end":{"line":271,"column":null}},{"start":{},"end":{}}],"line":268},"23":{"loc":{"start":{"line":316,"column":25},"end":{"line":316,"column":null}},"type":"binary-expr","locations":[{"start":{"line":316,"column":25},"end":{"line":316,"column":53}},{"start":{"line":316,"column":53},"end":{"line":316,"column":null}}],"line":316},"24":{"loc":{"start":{"line":319,"column":4},"end":{"line":327,"column":null}},"type":"if","locations":[{"start":{"line":319,"column":4},"end":{"line":327,"column":null}},{"start":{},"end":{}}],"line":319},"25":{"loc":{"start":{"line":319,"column":8},"end":{"line":319,"column":41}},"type":"binary-expr","locations":[{"start":{"line":319,"column":8},"end":{"line":319,"column":18}},{"start":{"line":319,"column":18},"end":{"line":319,"column":41}}],"line":319},"26":{"loc":{"start":{"line":332,"column":4},"end":{"line":340,"column":null}},"type":"if","locations":[{"start":{"line":332,"column":4},"end":{"line":340,"column":null}},{"start":{},"end":{}}],"line":332},"27":{"loc":{"start":{"line":397,"column":27},"end":{"line":397,"column":null}},"type":"cond-expr","locations":[{"start":{"line":397,"column":59},"end":{"line":397,"column":82}},{"start":{"line":397,"column":82},"end":{"line":397,"column":null}}],"line":397},"28":{"loc":{"start":{"line":406,"column":25},"end":{"line":406,"column":null}},"type":"binary-expr","locations":[{"start":{"line":406,"column":25},"end":{"line":406,"column":53}},{"start":{"line":406,"column":53},"end":{"line":406,"column":null}}],"line":406}},"s":{"0":0,"1":0,"2":0,"3":0,"4":0,"5":0,"6":0,"7":0,"8":0,"9":0,"10":0,"11":0,"12":0,"13":0,"14":0,"15":0,"16":0,"17":0,"18":0,"19":0,"20":0,"21":0,"22":0,"23":0,"24":0,"25":0,"26":0,"27":0,"28":0,"29":0,"30":0,"31":0,"32":0,"33":0,"34":0,"35":0,"36":0,"37":0,"38":0,"39":0,"40":0,"41":0,"42":0,"43":0,"44":0,"45":0,"46":0,"47":0,"48":0,"49":0,"50":0,"51":0,"52":0,"53":0,"54":0,"55":0,"56":0,"57":0,"58":0,"59":0,"60":0,"61":0,"62":0,"63":0,"64":0,"65":0,"66":0,"67":0,"68":0,"69":0,"70":0,"71":0,"72":0,"73":0,"74":0,"75":0,"76":0,"77":0,"78":0,"79":0,"80":0,"81":0,"82":0,"83":0,"84":0,"85":0,"86":0,"87":0,"88":0,"89":0,"90":0,"91":0,"92":0,"93":0,"94":0,"95":0,"96":0,"97":0,"98":0,"99":0,"100":0,"101":0,"102":0,"103":0,"104":0,"105":0,"106":0,"107":0,"108":0,"109":0,"110":0,"111":0,"112":0,"113":0,"114":0,"115":0,"116":0,"117":0,"118":0,"119":0,"120":0,"121":0,"122":0,"123":0,"124":0,"125":0,"126":0,"127":0,"128":0,"129":0,"130":0,"131":0,"132":0,"133":0,"134":0,"135":0,"136":0,"137":0,"138":0,"139":0,"140":0,"141":0,"142":0,"143":0,"144":0,"145":0,"146":0,"147":0,"148":0,"149":0,"150":0,"151":0,"152":0,"153":0,"154":0,"155":0},"f":{"0":0,"1":0,"2":0,"3":0,"4":0,"5":0},"b":{"0":[0,0],"1":[0,0],"2":[0,0],"3":[0,0],"4":[0,0],"5":[0,0],"6":[0,0],"7":[0,0],"8":[0,0],"9":[0,0],"10":[0,0],"11":[0,0],"12":[0,0],"13":[0,0],"14":[0,0],"15":[0,0],"16":[0,0],"17":[0,0],"18":[0,0],"19":[0,0],"20":[0,0],"21":[0,0],"22":[0,0],"23":[0,0],"24":[0,0],"25":[0,0],"26":[0,0],"27":[0,0],"28":[0,0]},"meta":{"lastBranch":29,"lastFunction":6,"lastStatement":156,"seen":{"s:13:21:78:Infinity":0,"f:13:21:13:28":0,"s:14:2:77:Infinity":1,"s:15:32:15:Infinity":2,"b:17:4:24:Infinity:undefined:undefined:undefined:undefined":0,"s:17:4:24:Infinity":3,"b:17:8:17:18:17:18:17:29":1,"s:18:6:18:Infinity":4,"s:19:12:19:Infinity":5,"s:20:6:22:Infinity":6,"s:23:6:23:Infinity":7,"s:26:4:69:Infinity":8,"s:27:31:27:Infinity":9,"s:30:6:32:Infinity":10,"s:35:6:41:Infinity":11,"s:44:6:48:Infinity":12,"s:50:27:50:Infinity":13,"b:50:56:50:76:50:76:50:Infinity":2,"s:51:25:51:Infinity":14,"b:51:61:51:67:51:67:51:Infinity":3,"s:53:6:53:Infinity":15,"s:56:19:56:Infinity":16,"b:57:6:63:Infinity:59:13:63:Infinity":4,"s:57:6:63:Infinity":17,"s:58:8:58:Infinity":18,"b:59:13:63:Infinity:61:13:63:Infinity":5,"s:59:13:63:Infinity":19,"s:60:8:60:Infinity":20,"b:61:13:63:Infinity:undefined:undefined:undefined:undefined":6,"s:61:13:63:Infinity":21,"s:62:8:62:Infinity":22,"s:65:12:65:Infinity":23,"s:66:6:68:Infinity":24,"s:71:4:71:Infinity":25,"s:72:4:72:Infinity":26,"s:73:10:73:Infinity":27,"s:74:4:76:Infinity":28,"s:86:28:190:Infinity":29,"f:86:28:86:35":1,"s:87:2:189:Infinity":30,"s:88:29:88:Infinity":31,"s:90:4:94:Infinity":32,"b:93:35:93:75:93:75:93:Infinity":7,"b:96:4:104:Infinity:undefined:undefined:undefined:undefined":8,"s:96:4:104:Infinity":33,"s:97:6:97:Infinity":34,"s:98:6:98:Infinity":35,"s:99:12:99:Infinity":36,"s:100:6:102:Infinity":37,"s:103:6:103:Infinity":38,"s:106:4:165:Infinity":39,"s:107:31:107:Infinity":40,"s:109:6:113:Infinity":41,"s:116:6:116:Infinity":42,"s:118:6:121:Infinity":43,"s:123:27:123:Infinity":44,"b:123:59:123:82:123:82:123:Infinity":9,"s:126:19:126:Infinity":45,"s:127:23:127:Infinity":46,"b:129:6:140:Infinity:132:13:140:Infinity":10,"s:129:6:140:Infinity":47,"s:130:8:130:Infinity":48,"s:131:8:131:Infinity":49,"b:132:13:140:Infinity:135:13:140:Infinity":11,"s:132:13:140:Infinity":50,"s:133:8:133:Infinity":51,"s:134:8:134:Infinity":52,"b:135:13:140:Infinity:138:13:140:Infinity":12,"s:135:13:140:Infinity":53,"s:136:8:136:Infinity":54,"s:137:8:137:Infinity":55,"b:138:13:140:Infinity:undefined:undefined:undefined:undefined":13,"s:138:13:140:Infinity":56,"s:139:8:139:Infinity":57,"s:142:6:146:Infinity":58,"s:148:6:148:Infinity":59,"s:151:10:151:Infinity":60,"s:152:6:160:Infinity":61,"s:153:30:153:Infinity":62,"b:154:8:157:Infinity:undefined:undefined:undefined:undefined":14,"s:154:8:157:Infinity":63,"s:155:26:155:Infinity":64,"s:156:10:156:Infinity":65,"s:162:6:164:Infinity":66,"b:167:4:178:Infinity:undefined:undefined:undefined:undefined":15,"s:167:4:178:Infinity":67,"s:168:6:171:Infinity":68,"s:172:6:172:Infinity":69,"s:173:12:173:Infinity":70,"s:174:6:176:Infinity":71,"s:177:6:177:Infinity":72,"s:179:18:179:Infinity":73,"s:180:4:183:Infinity":74,"s:184:4:184:Infinity":75,"s:185:10:185:Infinity":76,"s:186:4:188:Infinity":77,"s:198:22:220:Infinity":78,"f:198:22:198:29":2,"s:199:2:219:Infinity":79,"s:200:17:200:Infinity":80,"s:201:25:201:Infinity":81,"s:203:4:203:Infinity":82,"b:206:4:208:Infinity:undefined:undefined:undefined:undefined":16,"s:206:4:208:Infinity":83,"s:207:6:207:Infinity":84,"s:210:4:210:Infinity":85,"s:212:4:212:Infinity":86,"s:213:17:213:Infinity":87,"b:214:4:218:Infinity:undefined:undefined:undefined:undefined":17,"s:214:4:218:Infinity":88,"s:215:6:217:Infinity":89,"b:216:40:216:56:216:56:216:Infinity":18,"s:228:29:254:Infinity":90,"f:228:29:228:36":3,"s:229:2:253:Infinity":91,"s:232:17:232:Infinity":92,"b:235:4:237:Infinity:undefined:undefined:undefined:undefined":19,"s:235:4:237:Infinity":93,"s:236:6:236:Infinity":94,"s:239:4:242:Infinity":95,"s:244:4:244:Infinity":96,"s:245:4:248:Infinity":97,"s:249:10:249:Infinity":98,"s:250:4:252:Infinity":99,"s:262:34:304:Infinity":100,"f:262:34:262:41":4,"s:263:2:303:Infinity":101,"s:264:29:264:Infinity":102,"s:265:32:265:Infinity":103,"b:265:32:265:67:265:67:265:Infinity":20,"s:266:25:266:Infinity":104,"b:266:25:266:53:266:53:266:Infinity":21,"b:268:4:271:Infinity:undefined:undefined:undefined:undefined":22,"s:268:4:271:Infinity":105,"s:269:6:269:Infinity":106,"s:270:6:270:Infinity":107,"s:274:10:274:Infinity":108,"s:275:4:275:Infinity":109,"s:278:18:278:Infinity":110,"s:282:24:289:Infinity":111,"s:292:4:297:Infinity":112,"s:299:4:299:Infinity":113,"s:301:4:301:Infinity":114,"s:302:4:302:Infinity":115,"s:312:36:413:Infinity":116,"f:312:36:312:43":5,"s:313:2:412:Infinity":117,"s:314:28:314:Infinity":118,"s:315:24:315:Infinity":119,"s:316:25:316:Infinity":120,"b:316:25:316:53:316:53:316:Infinity":23,"b:319:4:327:Infinity:undefined:undefined:undefined:undefined":24,"s:319:4:327:Infinity":121,"b:319:8:319:18:319:18:319:41":25,"s:320:6:320:Infinity":122,"s:321:12:321:Infinity":123,"s:322:6:324:Infinity":124,"s:325:6:325:Infinity":125,"s:326:6:326:Infinity":126,"s:330:4:330:Infinity":127,"b:332:4:340:Infinity:undefined:undefined:undefined:undefined":26,"s:332:4:340:Infinity":128,"s:333:6:333:Infinity":129,"s:334:12:334:Infinity":130,"s:335:6:337:Infinity":131,"s:338:6:338:Infinity":132,"s:339:6:339:Infinity":133,"s:342:4:403:Infinity":134,"s:344:26:344:Infinity":135,"s:347:27:347:Infinity":136,"s:348:24:348:Infinity":137,"s:351:19:351:Infinity":138,"s:354:21:354:Infinity":139,"s:357:6:359:Infinity":140,"s:362:6:364:Infinity":141,"s:367:23:377:Infinity":142,"s:380:6:386:Infinity":143,"s:389:26:392:Infinity":144,"s:394:6:394:Infinity":145,"s:396:6:396:Infinity":146,"s:397:27:397:Infinity":147,"b:397:59:397:82:397:82:397:Infinity":27,"s:398:12:398:Infinity":148,"s:399:6:401:Infinity":149,"s:402:6:402:Infinity":150,"s:405:4:405:Infinity":151,"s:406:25:406:Infinity":152,"b:406:25:406:53:406:53:406:Infinity":28,"s:407:10:407:Infinity":153,"s:408:4:410:Infinity":154,"s:411:4:411:Infinity":155}}}
,"/Users/jakeunsted/Documents/Git/meal-diary-1/api/controllers/auth/googleTokenVerification.controller.ts": {"path":"/Users/jakeunsted/Documents/Git/meal-diary-1/api/controllers/auth/googleTokenVerification.controller.ts","statementMap":{"0":{"start":{"line":11,"column":33},"end":{"line":118,"column":null}},"1":{"start":{"line":12,"column":2},"end":{"line":117,"column":null}},"2":{"start":{"line":13,"column":24},"end":{"line":13,"column":null}},"3":{"start":{"line":15,"column":4},"end":{"line":22,"column":null}},"4":{"start":{"line":16,"column":6},"end":{"line":16,"column":null}},"5":{"start":{"line":17,"column":12},"end":{"line":17,"column":null}},"6":{"start":{"line":18,"column":6},"end":{"line":20,"column":null}},"7":{"start":{"line":21,"column":6},"end":{"line":21,"column":null}},"8":{"start":{"line":24,"column":4},"end":{"line":98,"column":null}},"9":{"start":{"line":25,"column":42},"end":{"line":25,"column":null}},"10":{"start":{"line":28,"column":6},"end":{"line":30,"column":null}},"11":{"start":{"line":33,"column":6},"end":{"line":35,"column":null}},"12":{"start":{"line":38,"column":23},"end":{"line":48,"column":null}},"13":{"start":{"line":51,"column":6},"end":{"line":57,"column":null}},"14":{"start":{"line":60,"column":6},"end":{"line":64,"column":null}},"15":{"start":{"line":66,"column":27},"end":{"line":66,"column":null}},"16":{"start":{"line":69,"column":19},"end":{"line":69,"column":null}},"17":{"start":{"line":70,"column":23},"end":{"line":70,"column":null}},"18":{"start":{"line":72,"column":6},"end":{"line":84,"column":null}},"19":{"start":{"line":73,"column":8},"end":{"line":73,"column":null}},"20":{"start":{"line":74,"column":8},"end":{"line":74,"column":null}},"21":{"start":{"line":75,"column":13},"end":{"line":84,"column":null}},"22":{"start":{"line":76,"column":8},"end":{"line":76,"column":null}},"23":{"start":{"line":77,"column":8},"end":{"line":77,"column":null}},"24":{"start":{"line":78,"column":13},"end":{"line":84,"column":null}},"25":{"start":{"line":79,"column":8},"end":{"line":79,"column":null}},"26":{"start":{"line":80,"column":8},"end":{"line":80,"column":null}},"27":{"start":{"line":81,"column":13},"end":{"line":84,"column":null}},"28":{"start":{"line":82,"column":8},"end":{"line":82,"column":null}},"29":{"start":{"line":83,"column":8},"end":{"line":83,"column":null}},"30":{"start":{"line":86,"column":6},"end":{"line":90,"column":null}},"31":{"start":{"line":92,"column":6},"end":{"line":92,"column":null}},"32":{"start":{"line":94,"column":12},"end":{"line":94,"column":null}},"33":{"start":{"line":95,"column":6},"end":{"line":97,"column":null}},"34":{"start":{"line":100,"column":4},"end":{"line":100,"column":null}},"35":{"start":{"line":101,"column":21},"end":{"line":101,"column":null}},"36":{"start":{"line":103,"column":4},"end":{"line":110,"column":null}},"37":{"start":{"line":104,"column":6},"end":{"line":104,"column":null}},"38":{"start":{"line":105,"column":12},"end":{"line":105,"column":null}},"39":{"start":{"line":106,"column":6},"end":{"line":108,"column":null}},"40":{"start":{"line":109,"column":6},"end":{"line":109,"column":null}},"41":{"start":{"line":112,"column":4},"end":{"line":112,"column":null}},"42":{"start":{"line":113,"column":10},"end":{"line":113,"column":null}},"43":{"start":{"line":114,"column":4},"end":{"line":116,"column":null}}},"fnMap":{"0":{"name":"(anonymous_0)","decl":{"start":{"line":11,"column":33},"end":{"line":11,"column":40}},"loc":{"start":{"line":11,"column":87},"end":{"line":118,"column":null}},"line":11}},"branchMap":{"0":{"loc":{"start":{"line":15,"column":4},"end":{"line":22,"column":null}},"type":"if","locations":[{"start":{"line":15,"column":4},"end":{"line":22,"column":null}},{"start":{},"end":{}}],"line":15},"1":{"loc":{"start":{"line":66,"column":27},"end":{"line":66,"column":null}},"type":"cond-expr","locations":[{"start":{"line":66,"column":59},"end":{"line":66,"column":82}},{"start":{"line":66,"column":82},"end":{"line":66,"column":null}}],"line":66},"2":{"loc":{"start":{"line":72,"column":6},"end":{"line":84,"column":null}},"type":"if","locations":[{"start":{"line":72,"column":6},"end":{"line":84,"column":null}},{"start":{"line":75,"column":13},"end":{"line":84,"column":null}}],"line":72},"3":{"loc":{"start":{"line":75,"column":13},"end":{"line":84,"column":null}},"type":"if","locations":[{"start":{"line":75,"column":13},"end":{"line":84,"column":null}},{"start":{"line":78,"column":13},"end":{"line":84,"column":null}}],"line":75},"4":{"loc":{"start":{"line":78,"column":13},"end":{"line":84,"column":null}},"type":"if","locations":[{"start":{"line":78,"column":13},"end":{"line":84,"column":null}},{"start":{"line":81,"column":13},"end":{"line":84,"column":null}}],"line":78},"5":{"loc":{"start":{"line":78,"column":17},"end":{"line":78,"column":93}},"type":"binary-expr","locations":[{"start":{"line":78,"column":17},"end":{"line":78,"column":59}},{"start":{"line":78,"column":59},"end":{"line":78,"column":93}}],"line":78},"6":{"loc":{"start":{"line":81,"column":13},"end":{"line":84,"column":null}},"type":"if","locations":[{"start":{"line":81,"column":13},"end":{"line":84,"column":null}},{"start":{},"end":{}}],"line":81},"7":{"loc":{"start":{"line":103,"column":4},"end":{"line":110,"column":null}},"type":"if","locations":[{"start":{"line":103,"column":4},"end":{"line":110,"column":null}},{"start":{},"end":{}}],"line":103}},"s":{"0":0,"1":0,"2":0,"3":0,"4":0,"5":0,"6":0,"7":0,"8":0,"9":0,"10":0,"11":0,"12":0,"13":0,"14":0,"15":0,"16":0,"17":0,"18":0,"19":0,"20":0,"21":0,"22":0,"23":0,"24":0,"25":0,"26":0,"27":0,"28":0,"29":0,"30":0,"31":0,"32":0,"33":0,"34":0,"35":0,"36":0,"37":0,"38":0,"39":0,"40":0,"41":0,"42":0,"43":0},"f":{"0":0},"b":{"0":[0,0],"1":[0,0],"2":[0,0],"3":[0,0],"4":[0,0],"5":[0,0],"6":[0,0],"7":[0,0]},"meta":{"lastBranch":8,"lastFunction":1,"lastStatement":44,"seen":{"s:11:33:118:Infinity":0,"f:11:33:11:40":0,"s:12:2:117:Infinity":1,"s:13:24:13:Infinity":2,"b:15:4:22:Infinity:undefined:undefined:undefined:undefined":0,"s:15:4:22:Infinity":3,"s:16:6:16:Infinity":4,"s:17:12:17:Infinity":5,"s:18:6:20:Infinity":6,"s:21:6:21:Infinity":7,"s:24:4:98:Infinity":8,"s:25:42:25:Infinity":9,"s:28:6:30:Infinity":10,"s:33:6:35:Infinity":11,"s:38:23:48:Infinity":12,"s:51:6:57:Infinity":13,"s:60:6:64:Infinity":14,"s:66:27:66:Infinity":15,"b:66:59:66:82:66:82:66:Infinity":1,"s:69:19:69:Infinity":16,"s:70:23:70:Infinity":17,"b:72:6:84:Infinity:75:13:84:Infinity":2,"s:72:6:84:Infinity":18,"s:73:8:73:Infinity":19,"s:74:8:74:Infinity":20,"b:75:13:84:Infinity:78:13:84:Infinity":3,"s:75:13:84:Infinity":21,"s:76:8:76:Infinity":22,"s:77:8:77:Infinity":23,"b:78:13:84:Infinity:81:13:84:Infinity":4,"s:78:13:84:Infinity":24,"b:78:17:78:59:78:59:78:93":5,"s:79:8:79:Infinity":25,"s:80:8:80:Infinity":26,"b:81:13:84:Infinity:undefined:undefined:undefined:undefined":6,"s:81:13:84:Infinity":27,"s:82:8:82:Infinity":28,"s:83:8:83:Infinity":29,"s:86:6:90:Infinity":30,"s:92:6:92:Infinity":31,"s:94:12:94:Infinity":32,"s:95:6:97:Infinity":33,"s:100:4:100:Infinity":34,"s:101:21:101:Infinity":35,"b:103:4:110:Infinity:undefined:undefined:undefined:undefined":7,"s:103:4:110:Infinity":36,"s:104:6:104:Infinity":37,"s:105:12:105:Infinity":38,"s:106:6:108:Infinity":39,"s:109:6:109:Infinity":40,"s:112:4:112:Infinity":41,"s:113:10:113:Infinity":42,"s:114:4:116:Infinity":43}}}
,"/Users/jakeunsted/Documents/Git/meal-diary-1/api/controllers/daily-meal/dailyMeal.controller.ts": {"path":"/Users/jakeunsted/Documents/Git/meal-diary-1/api/controllers/daily-meal/dailyMeal.controller.ts","statementMap":{"0":{"start":{"line":6,"column":31},"end":{"line":30,"column":null}},"1":{"start":{"line":7,"column":2},"end":{"line":29,"column":null}},"2":{"start":{"line":8,"column":69},"end":{"line":8,"column":null}},"3":{"start":{"line":9,"column":17},"end":{"line":9,"column":null}},"4":{"start":{"line":12,"column":4},"end":{"line":14,"column":null}},"5":{"start":{"line":13,"column":6},"end":{"line":13,"column":null}},"6":{"start":{"line":16,"column":22},"end":{"line":23,"column":null}},"7":{"start":{"line":25,"column":4},"end":{"line":25,"column":null}},"8":{"start":{"line":27,"column":4},"end":{"line":27,"column":null}},"9":{"start":{"line":28,"column":4},"end":{"line":28,"column":null}},"10":{"start":{"line":33,"column":42},"end":{"line":49,"column":null}},"11":{"start":{"line":34,"column":2},"end":{"line":48,"column":null}},"12":{"start":{"line":35,"column":30},"end":{"line":35,"column":null}},"13":{"start":{"line":38,"column":4},"end":{"line":40,"column":null}},"14":{"start":{"line":39,"column":6},"end":{"line":39,"column":null}},"15":{"start":{"line":43,"column":23},"end":{"line":43,"column":null}},"16":{"start":{"line":44,"column":4},"end":{"line":44,"column":null}},"17":{"start":{"line":46,"column":4},"end":{"line":46,"column":null}},"18":{"start":{"line":47,"column":4},"end":{"line":47,"column":null}},"19":{"start":{"line":52,"column":35},"end":{"line":64,"column":null}},"20":{"start":{"line":53,"column":2},"end":{"line":63,"column":null}},"21":{"start":{"line":54,"column":19},"end":{"line":54,"column":null}},"22":{"start":{"line":55,"column":62},"end":{"line":55,"column":null}},"23":{"start":{"line":57,"column":22},"end":{"line":57,"column":null}},"24":{"start":{"line":59,"column":4},"end":{"line":59,"column":null}},"25":{"start":{"line":61,"column":4},"end":{"line":61,"column":null}},"26":{"start":{"line":62,"column":4},"end":{"line":62,"column":null}}},"fnMap":{"0":{"name":"(anonymous_0)","decl":{"start":{"line":6,"column":31},"end":{"line":6,"column":38}},"loc":{"start":{"line":6,"column":70},"end":{"line":30,"column":null}},"line":6},"1":{"name":"(anonymous_1)","decl":{"start":{"line":33,"column":42},"end":{"line":33,"column":49}},"loc":{"start":{"line":33,"column":81},"end":{"line":49,"column":null}},"line":33},"2":{"name":"(anonymous_2)","decl":{"start":{"line":52,"column":35},"end":{"line":52,"column":42}},"loc":{"start":{"line":52,"column":74},"end":{"line":64,"column":null}},"line":52}},"branchMap":{"0":{"loc":{"start":{"line":12,"column":4},"end":{"line":14,"column":null}},"type":"if","locations":[{"start":{"line":12,"column":4},"end":{"line":14,"column":null}},{"start":{},"end":{}}],"line":12},"1":{"loc":{"start":{"line":12,"column":8},"end":{"line":12,"column":40}},"type":"binary-expr","locations":[{"start":{"line":12,"column":8},"end":{"line":12,"column":26}},{"start":{"line":12,"column":26},"end":{"line":12,"column":40}}],"line":12},"2":{"loc":{"start":{"line":38,"column":4},"end":{"line":40,"column":null}},"type":"if","locations":[{"start":{"line":38,"column":4},"end":{"line":40,"column":null}},{"start":{},"end":{}}],"line":38},"3":{"loc":{"start":{"line":55,"column":12},"end":{"line":55,"column":30}},"type":"default-arg","locations":[{"start":{"line":55,"column":24},"end":{"line":55,"column":30}}],"line":55},"4":{"loc":{"start":{"line":55,"column":30},"end":{"line":55,"column":44}},"type":"default-arg","locations":[{"start":{"line":55,"column":38},"end":{"line":55,"column":44}}],"line":55},"5":{"loc":{"start":{"line":55,"column":44},"end":{"line":55,"column":62}},"type":"default-arg","locations":[{"start":{"line":55,"column":53},"end":{"line":55,"column":62}}],"line":55}},"s":{"0":0,"1":0,"2":0,"3":0,"4":0,"5":0,"6":0,"7":0,"8":0,"9":0,"10":0,"11":0,"12":0,"13":0,"14":0,"15":0,"16":0,"17":0,"18":0,"19":0,"20":0,"21":0,"22":0,"23":0,"24":0,"25":0,"26":0},"f":{"0":0,"1":0,"2":0},"b":{"0":[0,0],"1":[0,0],"2":[0,0],"3":[0],"4":[0],"5":[0]},"meta":{"lastBranch":6,"lastFunction":3,"lastStatement":27,"seen":{"s:6:31:30:Infinity":0,"f:6:31:6:38":0,"s:7:2:29:Infinity":1,"s:8:69:8:Infinity":2,"s:9:17:9:Infinity":3,"b:12:4:14:Infinity:undefined:undefined:undefined:undefined":0,"s:12:4:14:Infinity":4,"b:12:8:12:26:12:26:12:40":1,"s:13:6:13:Infinity":5,"s:16:22:23:Infinity":6,"s:25:4:25:Infinity":7,"s:27:4:27:Infinity":8,"s:28:4:28:Infinity":9,"s:33:42:49:Infinity":10,"f:33:42:33:49":1,"s:34:2:48:Infinity":11,"s:35:30:35:Infinity":12,"b:38:4:40:Infinity:undefined:undefined:undefined:undefined":2,"s:38:4:40:Infinity":13,"s:39:6:39:Infinity":14,"s:43:23:43:Infinity":15,"s:44:4:44:Infinity":16,"s:46:4:46:Infinity":17,"s:47:4:47:Infinity":18,"s:52:35:64:Infinity":19,"f:52:35:52:42":2,"s:53:2:63:Infinity":20,"s:54:19:54:Infinity":21,"s:55:62:55:Infinity":22,"b:55:24:55:30":3,"b:55:38:55:44":4,"b:55:53:55:62":5,"s:57:22:57:Infinity":23,"s:59:4:59:Infinity":24,"s:61:4:61:Infinity":25,"s:62:4:62:Infinity":26}}}
,"/Users/jakeunsted/Documents/Git/meal-diary-1/api/controllers/family-group/familyGroup.controller.ts": {"path":"/Users/jakeunsted/Documents/Git/meal-diary-1/api/controllers/family-group/familyGroup.controller.ts","statementMap":{"0":{"start":{"line":9,"column":6},"end":{"line":12,"column":null}},"1":{"start":{"line":10,"column":8},"end":{"line":10,"column":null}},"2":{"start":{"line":10,"column":30},"end":{"line":10,"column":null}},"3":{"start":{"line":11,"column":2},"end":{"line":11,"column":null}},"4":{"start":{"line":14,"column":33},"end":{"line":61,"column":null}},"5":{"start":{"line":15,"column":2},"end":{"line":60,"column":null}},"6":{"start":{"line":16,"column":33},"end":{"line":16,"column":null}},"7":{"start":{"line":19,"column":28},"end":{"line":19,"column":null}},"8":{"start":{"line":20,"column":19},"end":{"line":20,"column":null}},"9":{"start":{"line":22,"column":4},"end":{"line":29,"column":null}},"10":{"start":{"line":23,"column":23},"end":{"line":23,"column":null}},"11":{"start":{"line":24,"column":6},"end":{"line":28,"column":null}},"12":{"start":{"line":25,"column":8},"end":{"line":25,"column":null}},"13":{"start":{"line":27,"column":8},"end":{"line":27,"column":null}},"14":{"start":{"line":31,"column":24},"end":{"line":35,"column":null}},"15":{"start":{"line":38,"column":17},"end":{"line":38,"column":null}},"16":{"start":{"line":39,"column":4},"end":{"line":41,"column":null}},"17":{"start":{"line":40,"column":6},"end":{"line":40,"column":null}},"18":{"start":{"line":43,"column":4},"end":{"line":43,"column":null}},"19":{"start":{"line":46,"column":19},"end":{"line":46,"column":null}},"20":{"start":{"line":47,"column":4},"end":{"line":47,"column":null}},"21":{"start":{"line":48,"column":4},"end":{"line":48,"column":null}},"22":{"start":{"line":49,"column":4},"end":{"line":49,"column":null}},"23":{"start":{"line":52,"column":4},"end":{"line":54,"column":null}},"24":{"start":{"line":56,"column":4},"end":{"line":56,"column":null}},"25":{"start":{"line":58,"column":4},"end":{"line":58,"column":null}},"26":{"start":{"line":59,"column":4},"end":{"line":59,"column":null}},"27":{"start":{"line":63,"column":31},"end":{"line":98,"column":null}},"28":{"start":{"line":64,"column":2},"end":{"line":97,"column":null}},"29":{"start":{"line":65,"column":43},"end":{"line":65,"column":null}},"30":{"start":{"line":67,"column":4},"end":{"line":73,"column":null}},"31":{"start":{"line":68,"column":12},"end":{"line":68,"column":null}},"32":{"start":{"line":69,"column":6},"end":{"line":71,"column":null}},"33":{"start":{"line":72,"column":6},"end":{"line":72,"column":null}},"34":{"start":{"line":75,"column":24},"end":{"line":77,"column":null}},"35":{"start":{"line":79,"column":4},"end":{"line":84,"column":null}},"36":{"start":{"line":80,"column":6},"end":{"line":82,"column":null}},"37":{"start":{"line":83,"column":6},"end":{"line":83,"column":null}},"38":{"start":{"line":86,"column":4},"end":{"line":86,"column":null}},"39":{"start":{"line":89,"column":4},"end":{"line":91,"column":null}},"40":{"start":{"line":93,"column":4},"end":{"line":93,"column":null}},"41":{"start":{"line":95,"column":4},"end":{"line":95,"column":null}},"42":{"start":{"line":96,"column":4},"end":{"line":96,"column":null}},"43":{"start":{"line":100,"column":34},"end":{"line":111,"column":null}},"44":{"start":{"line":101,"column":2},"end":{"line":110,"column":null}},"45":{"start":{"line":102,"column":19},"end":{"line":102,"column":null}},"46":{"start":{"line":104,"column":24},"end":{"line":104,"column":null}},"47":{"start":{"line":106,"column":4},"end":{"line":106,"column":null}},"48":{"start":{"line":108,"column":4},"end":{"line":108,"column":null}},"49":{"start":{"line":109,"column":4},"end":{"line":109,"column":null}},"50":{"start":{"line":113,"column":37},"end":{"line":135,"column":null}},"51":{"start":{"line":114,"column":2},"end":{"line":134,"column":null}},"52":{"start":{"line":115,"column":26},"end":{"line":115,"column":null}},"53":{"start":{"line":116,"column":4},"end":{"line":118,"column":null}},"54":{"start":{"line":117,"column":6},"end":{"line":117,"column":null}},"55":{"start":{"line":120,"column":24},"end":{"line":120,"column":null}},"56":{"start":{"line":121,"column":4},"end":{"line":123,"column":null}},"57":{"start":{"line":122,"column":6},"end":{"line":122,"column":null}},"58":{"start":{"line":125,"column":20},"end":{"line":128,"column":null}},"59":{"start":{"line":130,"column":4},"end":{"line":130,"column":null}},"60":{"start":{"line":132,"column":4},"end":{"line":132,"column":null}},"61":{"start":{"line":133,"column":4},"end":{"line":133,"column":null}}},"fnMap":{"0":{"name":"(anonymous_0)","decl":{"start":{"line":9,"column":6},"end":{"line":9,"column":47}},"loc":{"start":{"line":9,"column":47},"end":{"line":12,"column":null}},"line":9},"1":{"name":"(anonymous_1)","decl":{"start":{"line":10,"column":8},"end":{"line":10,"column":30}},"loc":{"start":{"line":10,"column":30},"end":{"line":10,"column":null}},"line":10},"2":{"name":"(anonymous_2)","decl":{"start":{"line":14,"column":33},"end":{"line":14,"column":40}},"loc":{"start":{"line":14,"column":72},"end":{"line":61,"column":null}},"line":14},"3":{"name":"(anonymous_3)","decl":{"start":{"line":63,"column":31},"end":{"line":63,"column":38}},"loc":{"start":{"line":63,"column":70},"end":{"line":98,"column":null}},"line":63},"4":{"name":"(anonymous_4)","decl":{"start":{"line":100,"column":34},"end":{"line":100,"column":41}},"loc":{"start":{"line":100,"column":73},"end":{"line":111,"column":null}},"line":100},"5":{"name":"(anonymous_5)","decl":{"start":{"line":113,"column":37},"end":{"line":113,"column":44}},"loc":{"start":{"line":113,"column":76},"end":{"line":135,"column":null}},"line":113}},"branchMap":{"0":{"loc":{"start":{"line":24,"column":6},"end":{"line":28,"column":null}},"type":"if","locations":[{"start":{"line":24,"column":6},"end":{"line":28,"column":null}},{"start":{"line":26,"column":13},"end":{"line":28,"column":null}}],"line":24},"1":{"loc":{"start":{"line":39,"column":4},"end":{"line":41,"column":null}},"type":"if","locations":[{"start":{"line":39,"column":4},"end":{"line":41,"column":null}},{"start":{},"end":{}}],"line":39},"2":{"loc":{"start":{"line":47,"column":39},"end":{"line":47,"column":63}},"type":"binary-expr","locations":[{"start":{"line":47,"column":39},"end":{"line":47,"column":58}},{"start":{"line":47,"column":58},"end":{"line":47,"column":63}}],"line":47},"3":{"loc":{"start":{"line":67,"column":4},"end":{"line":73,"column":null}},"type":"if","locations":[{"start":{"line":67,"column":4},"end":{"line":73,"column":null}},{"start":{},"end":{}}],"line":67},"4":{"loc":{"start":{"line":67,"column":8},"end":{"line":67,"column":40}},"type":"binary-expr","locations":[{"start":{"line":67,"column":8},"end":{"line":67,"column":30}},{"start":{"line":67,"column":30},"end":{"line":67,"column":40}}],"line":67},"5":{"loc":{"start":{"line":79,"column":4},"end":{"line":84,"column":null}},"type":"if","locations":[{"start":{"line":79,"column":4},"end":{"line":84,"column":null}},{"start":{},"end":{}}],"line":79},"6":{"loc":{"start":{"line":116,"column":4},"end":{"line":118,"column":null}},"type":"if","locations":[{"start":{"line":116,"column":4},"end":{"line":118,"column":null}},{"start":{},"end":{}}],"line":116},"7":{"loc":{"start":{"line":121,"column":4},"end":{"line":123,"column":null}},"type":"if","locations":[{"start":{"line":121,"column":4},"end":{"line":123,"column":null}},{"start":{},"end":{}}],"line":121}},"s":{"0":0,"1":0,"2":0,"3":0,"4":0,"5":0,"6":0,"7":0,"8":0,"9":0,"10":0,"11":0,"12":0,"13":0,"14":0,"15":0,"16":0,"17":0,"18":0,"19":0,"20":0,"21":0,"22":0,"23":0,"24":0,"25":0,"26":0,"27":0,"28":0,"29":0,"30":0,"31":0,"32":0,"33":0,"34":0,"35":0,"36":0,"37":0,"38":0,"39":0,"40":0,"41":0,"42":0,"43":0,"44":0,"45":0,"46":0,"47":0,"48":0,"49":0,"50":0,"51":0,"52":0,"53":0,"54":0,"55":0,"56":0,"57":0,"58":0,"59":0,"60":0,"61":0},"f":{"0":0,"1":0,"2":0,"3":0,"4":0,"5":0},"b":{"0":[0,0],"1":[0,0],"2":[0,0],"3":[0,0],"4":[0,0],"5":[0,0],"6":[0,0],"7":[0,0]},"meta":{"lastBranch":8,"lastFunction":6,"lastStatement":62,"seen":{"s:9:6:12:Infinity":0,"f:9:6:9:47":0,"s:10:8:10:Infinity":1,"f:10:8:10:30":1,"s:10:30:10:Infinity":2,"s:11:2:11:Infinity":3,"s:14:33:61:Infinity":4,"f:14:33:14:40":2,"s:15:2:60:Infinity":5,"s:16:33:16:Infinity":6,"s:19:28:19:Infinity":7,"s:20:19:20:Infinity":8,"s:22:4:29:Infinity":9,"s:23:23:23:Infinity":10,"b:24:6:28:Infinity:26:13:28:Infinity":0,"s:24:6:28:Infinity":11,"s:25:8:25:Infinity":12,"s:27:8:27:Infinity":13,"s:31:24:35:Infinity":14,"s:38:17:38:Infinity":15,"b:39:4:41:Infinity:undefined:undefined:undefined:undefined":1,"s:39:4:41:Infinity":16,"s:40:6:40:Infinity":17,"s:43:4:43:Infinity":18,"s:46:19:46:Infinity":19,"s:47:4:47:Infinity":20,"b:47:39:47:58:47:58:47:63":2,"s:48:4:48:Infinity":21,"s:49:4:49:Infinity":22,"s:52:4:54:Infinity":23,"s:56:4:56:Infinity":24,"s:58:4:58:Infinity":25,"s:59:4:59:Infinity":26,"s:63:31:98:Infinity":27,"f:63:31:63:38":3,"s:64:2:97:Infinity":28,"s:65:43:65:Infinity":29,"b:67:4:73:Infinity:undefined:undefined:undefined:undefined":3,"s:67:4:73:Infinity":30,"b:67:8:67:30:67:30:67:40":4,"s:68:12:68:Infinity":31,"s:69:6:71:Infinity":32,"s:72:6:72:Infinity":33,"s:75:24:77:Infinity":34,"b:79:4:84:Infinity:undefined:undefined:undefined:undefined":5,"s:79:4:84:Infinity":35,"s:80:6:82:Infinity":36,"s:83:6:83:Infinity":37,"s:86:4:86:Infinity":38,"s:89:4:91:Infinity":39,"s:93:4:93:Infinity":40,"s:95:4:95:Infinity":41,"s:96:4:96:Infinity":42,"s:100:34:111:Infinity":43,"f:100:34:100:41":4,"s:101:2:110:Infinity":44,"s:102:19:102:Infinity":45,"s:104:24:104:Infinity":46,"s:106:4:106:Infinity":47,"s:108:4:108:Infinity":48,"s:109:4:109:Infinity":49,"s:113:37:135:Infinity":50,"f:113:37:113:44":5,"s:114:2:134:Infinity":51,"s:115:26:115:Infinity":52,"b:116:4:118:Infinity:undefined:undefined:undefined:undefined":6,"s:116:4:118:Infinity":53,"s:117:6:117:Infinity":54,"s:120:24:120:Infinity":55,"b:121:4:123:Infinity:undefined:undefined:undefined:undefined":7,"s:121:4:123:Infinity":56,"s:122:6:122:Infinity":57,"s:125:20:128:Infinity":58,"s:130:4:130:Infinity":59,"s:132:4:132:Infinity":60,"s:133:4:133:Infinity":61}}}
,"/Users/jakeunsted/Documents/Git/meal-diary-1/api/controllers/item-categories/itemCategories.controller.ts": {"path":"/Users/jakeunsted/Documents/Git/meal-diary-1/api/controllers/item-categories/itemCategories.controller.ts","statementMap":{"0":{"start":{"line":6,"column":36},"end":{"line":14,"column":null}},"1":{"start":{"line":7,"column":2},"end":{"line":13,"column":null}},"2":{"start":{"line":8,"column":23},"end":{"line":8,"column":null}},"3":{"start":{"line":9,"column":4},"end":{"line":9,"column":null}},"4":{"start":{"line":11,"column":4},"end":{"line":11,"column":null}},"5":{"start":{"line":12,"column":4},"end":{"line":12,"column":null}},"6":{"start":{"line":16,"column":35},"end":{"line":36,"column":null}},"7":{"start":{"line":17,"column":2},"end":{"line":35,"column":null}},"8":{"start":{"line":18,"column":23},"end":{"line":18,"column":null}},"9":{"start":{"line":20,"column":4},"end":{"line":31,"column":null}},"10":{"start":{"line":21,"column":23},"end":{"line":21,"column":null}},"11":{"start":{"line":22,"column":6},"end":{"line":22,"column":null}},"12":{"start":{"line":24,"column":27},"end":{"line":24,"column":null}},"13":{"start":{"line":26,"column":6},"end":{"line":28,"column":null}},"14":{"start":{"line":27,"column":8},"end":{"line":27,"column":null}},"15":{"start":{"line":30,"column":6},"end":{"line":30,"column":null}},"16":{"start":{"line":33,"column":4},"end":{"line":33,"column":null}},"17":{"start":{"line":34,"column":4},"end":{"line":34,"column":null}},"18":{"start":{"line":38,"column":34},"end":{"line":68,"column":null}},"19":{"start":{"line":39,"column":2},"end":{"line":67,"column":null}},"20":{"start":{"line":40,"column":27},"end":{"line":40,"column":null}},"21":{"start":{"line":42,"column":4},"end":{"line":63,"column":null}},"22":{"start":{"line":43,"column":23},"end":{"line":43,"column":null}},"23":{"start":{"line":46,"column":19},"end":{"line":46,"column":null}},"24":{"start":{"line":47,"column":6},"end":{"line":52,"column":null}},"25":{"start":{"line":48,"column":8},"end":{"line":51,"column":null}},"26":{"start":{"line":54,"column":6},"end":{"line":54,"column":null}},"27":{"start":{"line":56,"column":27},"end":{"line":56,"column":null}},"28":{"start":{"line":58,"column":6},"end":{"line":60,"column":null}},"29":{"start":{"line":59,"column":8},"end":{"line":59,"column":null}},"30":{"start":{"line":62,"column":6},"end":{"line":62,"column":null}},"31":{"start":{"line":65,"column":4},"end":{"line":65,"column":null}},"32":{"start":{"line":66,"column":4},"end":{"line":66,"column":null}},"33":{"start":{"line":70,"column":34},"end":{"line":101,"column":null}},"34":{"start":{"line":71,"column":2},"end":{"line":100,"column":null}},"35":{"start":{"line":72,"column":23},"end":{"line":72,"column":null}},"36":{"start":{"line":73,"column":27},"end":{"line":73,"column":null}},"37":{"start":{"line":75,"column":4},"end":{"line":96,"column":null}},"38":{"start":{"line":76,"column":23},"end":{"line":76,"column":null}},"39":{"start":{"line":79,"column":19},"end":{"line":79,"column":null}},"40":{"start":{"line":80,"column":6},"end":{"line":85,"column":null}},"41":{"start":{"line":81,"column":8},"end":{"line":84,"column":null}},"42":{"start":{"line":87,"column":6},"end":{"line":87,"column":null}},"43":{"start":{"line":89,"column":27},"end":{"line":89,"column":null}},"44":{"start":{"line":91,"column":6},"end":{"line":93,"column":null}},"45":{"start":{"line":92,"column":8},"end":{"line":92,"column":null}},"46":{"start":{"line":95,"column":6},"end":{"line":95,"column":null}},"47":{"start":{"line":98,"column":4},"end":{"line":98,"column":null}},"48":{"start":{"line":99,"column":4},"end":{"line":99,"column":null}},"49":{"start":{"line":103,"column":34},"end":{"line":133,"column":null}},"50":{"start":{"line":104,"column":2},"end":{"line":132,"column":null}},"51":{"start":{"line":105,"column":23},"end":{"line":105,"column":null}},"52":{"start":{"line":107,"column":4},"end":{"line":128,"column":null}},"53":{"start":{"line":108,"column":23},"end":{"line":108,"column":null}},"54":{"start":{"line":111,"column":19},"end":{"line":111,"column":null}},"55":{"start":{"line":112,"column":6},"end":{"line":117,"column":null}},"56":{"start":{"line":113,"column":8},"end":{"line":116,"column":null}},"57":{"start":{"line":119,"column":6},"end":{"line":119,"column":null}},"58":{"start":{"line":121,"column":27},"end":{"line":121,"column":null}},"59":{"start":{"line":123,"column":6},"end":{"line":125,"column":null}},"60":{"start":{"line":124,"column":8},"end":{"line":124,"column":null}},"61":{"start":{"line":127,"column":6},"end":{"line":127,"column":null}},"62":{"start":{"line":130,"column":4},"end":{"line":130,"column":null}},"63":{"start":{"line":131,"column":4},"end":{"line":131,"column":null}}},"fnMap":{"0":{"name":"(anonymous_0)","decl":{"start":{"line":6,"column":36},"end":{"line":6,"column":43}},"loc":{"start":{"line":6,"column":75},"end":{"line":14,"column":null}},"line":6},"1":{"name":"(anonymous_1)","decl":{"start":{"line":16,"column":35},"end":{"line":16,"column":42}},"loc":{"start":{"line":16,"column":74},"end":{"line":36,"column":null}},"line":16},"2":{"name":"(anonymous_2)","decl":{"start":{"line":38,"column":34},"end":{"line":38,"column":41}},"loc":{"start":{"line":38,"column":73},"end":{"line":68,"column":null}},"line":38},"3":{"name":"(anonymous_3)","decl":{"start":{"line":70,"column":34},"end":{"line":70,"column":41}},"loc":{"start":{"line":70,"column":73},"end":{"line":101,"column":null}},"line":70},"4":{"name":"(anonymous_4)","decl":{"start":{"line":103,"column":34},"end":{"line":103,"column":41}},"loc":{"start":{"line":103,"column":73},"end":{"line":133,"column":null}},"line":103}},"branchMap":{"0":{"loc":{"start":{"line":24,"column":27},"end":{"line":24,"column":null}},"type":"cond-expr","locations":[{"start":{"line":24,"column":59},"end":{"line":24,"column":82}},{"start":{"line":24,"column":82},"end":{"line":24,"column":null}}],"line":24},"1":{"loc":{"start":{"line":26,"column":6},"end":{"line":28,"column":null}},"type":"if","locations":[{"start":{"line":26,"column":6},"end":{"line":28,"column":null}},{"start":{},"end":{}}],"line":26},"2":{"loc":{"start":{"line":47,"column":6},"end":{"line":52,"column":null}},"type":"if","locations":[{"start":{"line":47,"column":6},"end":{"line":52,"column":null}},{"start":{},"end":{}}],"line":47},"3":{"loc":{"start":{"line":56,"column":27},"end":{"line":56,"column":null}},"type":"cond-expr","locations":[{"start":{"line":56,"column":59},"end":{"line":56,"column":82}},{"start":{"line":56,"column":82},"end":{"line":56,"column":null}}],"line":56},"4":{"loc":{"start":{"line":58,"column":6},"end":{"line":60,"column":null}},"type":"if","locations":[{"start":{"line":58,"column":6},"end":{"line":60,"column":null}},{"start":{},"end":{}}],"line":58},"5":{"loc":{"start":{"line":80,"column":6},"end":{"line":85,"column":null}},"type":"if","locations":[{"start":{"line":80,"column":6},"end":{"line":85,"column":null}},{"start":{},"end":{}}],"line":80},"6":{"loc":{"start":{"line":89,"column":27},"end":{"line":89,"column":null}},"type":"cond-expr","locations":[{"start":{"line":89,"column":59},"end":{"line":89,"column":82}},{"start":{"line":89,"column":82},"end":{"line":89,"column":null}}],"line":89},"7":{"loc":{"start":{"line":91,"column":6},"end":{"line":93,"column":null}},"type":"if","locations":[{"start":{"line":91,"column":6},"end":{"line":93,"column":null}},{"start":{},"end":{}}],"line":91},"8":{"loc":{"start":{"line":112,"column":6},"end":{"line":117,"column":null}},"type":"if","locations":[{"start":{"line":112,"column":6},"end":{"line":117,"column":null}},{"start":{},"end":{}}],"line":112},"9":{"loc":{"start":{"line":121,"column":27},"end":{"line":121,"column":null}},"type":"cond-expr","locations":[{"start":{"line":121,"column":59},"end":{"line":121,"column":82}},{"start":{"line":121,"column":82},"end":{"line":121,"column":null}}],"line":121},"10":{"loc":{"start":{"line":123,"column":6},"end":{"line":125,"column":null}},"type":"if","locations":[{"start":{"line":123,"column":6},"end":{"line":125,"column":null}},{"start":{},"end":{}}],"line":123}},"s":{"0":0,"1":0,"2":0,"3":0,"4":0,"5":0,"6":0,"7":0,"8":0,"9":0,"10":0,"11":0,"12":0,"13":0,"14":0,"15":0,"16":0,"17":0,"18":0,"19":0,"20":0,"21":0,"22":0,"23":0,"24":0,"25":0,"26":0,"27":0,"28":0,"29":0,"30":0,"31":0,"32":0,"33":0,"34":0,"35":0,"36":0,"37":0,"38":0,"39":0,"40":0,"41":0,"42":0,"43":0,"44":0,"45":0,"46":0,"47":0,"48":0,"49":0,"50":0,"51":0,"52":0,"53":0,"54":0,"55":0,"56":0,"57":0,"58":0,"59":0,"60":0,"61":0,"62":0,"63":0},"f":{"0":0,"1":0,"2":0,"3":0,"4":0},"b":{"0":[0,0],"1":[0,0],"2":[0,0],"3":[0,0],"4":[0,0],"5":[0,0],"6":[0,0],"7":[0,0],"8":[0,0],"9":[0,0],"10":[0,0]},"meta":{"lastBranch":11,"lastFunction":5,"lastStatement":64,"seen":{"s:6:36:14:Infinity":0,"f:6:36:6:43":0,"s:7:2:13:Infinity":1,"s:8:23:8:Infinity":2,"s:9:4:9:Infinity":3,"s:11:4:11:Infinity":4,"s:12:4:12:Infinity":5,"s:16:35:36:Infinity":6,"f:16:35:16:42":1,"s:17:2:35:Infinity":7,"s:18:23:18:Infinity":8,"s:20:4:31:Infinity":9,"s:21:23:21:Infinity":10,"s:22:6:22:Infinity":11,"s:24:27:24:Infinity":12,"b:24:59:24:82:24:82:24:Infinity":0,"b:26:6:28:Infinity:undefined:undefined:undefined:undefined":1,"s:26:6:28:Infinity":13,"s:27:8:27:Infinity":14,"s:30:6:30:Infinity":15,"s:33:4:33:Infinity":16,"s:34:4:34:Infinity":17,"s:38:34:68:Infinity":18,"f:38:34:38:41":2,"s:39:2:67:Infinity":19,"s:40:27:40:Infinity":20,"s:42:4:63:Infinity":21,"s:43:23:43:Infinity":22,"s:46:19:46:Infinity":23,"b:47:6:52:Infinity:undefined:undefined:undefined:undefined":2,"s:47:6:52:Infinity":24,"s:48:8:51:Infinity":25,"s:54:6:54:Infinity":26,"s:56:27:56:Infinity":27,"b:56:59:56:82:56:82:56:Infinity":3,"b:58:6:60:Infinity:undefined:undefined:undefined:undefined":4,"s:58:6:60:Infinity":28,"s:59:8:59:Infinity":29,"s:62:6:62:Infinity":30,"s:65:4:65:Infinity":31,"s:66:4:66:Infinity":32,"s:70:34:101:Infinity":33,"f:70:34:70:41":3,"s:71:2:100:Infinity":34,"s:72:23:72:Infinity":35,"s:73:27:73:Infinity":36,"s:75:4:96:Infinity":37,"s:76:23:76:Infinity":38,"s:79:19:79:Infinity":39,"b:80:6:85:Infinity:undefined:undefined:undefined:undefined":5,"s:80:6:85:Infinity":40,"s:81:8:84:Infinity":41,"s:87:6:87:Infinity":42,"s:89:27:89:Infinity":43,"b:89:59:89:82:89:82:89:Infinity":6,"b:91:6:93:Infinity:undefined:undefined:undefined:undefined":7,"s:91:6:93:Infinity":44,"s:92:8:92:Infinity":45,"s:95:6:95:Infinity":46,"s:98:4:98:Infinity":47,"s:99:4:99:Infinity":48,"s:103:34:133:Infinity":49,"f:103:34:103:41":4,"s:104:2:132:Infinity":50,"s:105:23:105:Infinity":51,"s:107:4:128:Infinity":52,"s:108:23:108:Infinity":53,"s:111:19:111:Infinity":54,"b:112:6:117:Infinity:undefined:undefined:undefined:undefined":8,"s:112:6:117:Infinity":55,"s:113:8:116:Infinity":56,"s:119:6:119:Infinity":57,"s:121:27:121:Infinity":58,"b:121:59:121:82:121:82:121:Infinity":9,"b:123:6:125:Infinity:undefined:undefined:undefined:undefined":10,"s:123:6:125:Infinity":59,"s:124:8:124:Infinity":60,"s:127:6:127:Infinity":61,"s:130:4:130:Infinity":62,"s:131:4:131:Infinity":63}}}
,"/Users/jakeunsted/Documents/Git/meal-diary-1/api/controllers/meal-diary/mealDiary.controller.ts": {"path":"/Users/jakeunsted/Documents/Git/meal-diary-1/api/controllers/meal-diary/mealDiary.controller.ts","statementMap":{"0":{"start":{"line":9,"column":31},"end":{"line":29,"column":null}},"1":{"start":{"line":10,"column":2},"end":{"line":28,"column":null}},"2":{"start":{"line":11,"column":49},"end":{"line":11,"column":null}},"3":{"start":{"line":14,"column":4},"end":{"line":16,"column":null}},"4":{"start":{"line":15,"column":6},"end":{"line":15,"column":null}},"5":{"start":{"line":19,"column":22},"end":{"line":22,"column":null}},"6":{"start":{"line":24,"column":4},"end":{"line":24,"column":null}},"7":{"start":{"line":26,"column":4},"end":{"line":26,"column":null}},"8":{"start":{"line":27,"column":4},"end":{"line":27,"column":null}},"9":{"start":{"line":32,"column":43},"end":{"line":62,"column":null}},"10":{"start":{"line":33,"column":2},"end":{"line":61,"column":null}},"11":{"start":{"line":34,"column":32},"end":{"line":34,"column":null}},"12":{"start":{"line":37,"column":4},"end":{"line":39,"column":null}},"13":{"start":{"line":38,"column":6},"end":{"line":38,"column":null}},"14":{"start":{"line":42,"column":20},"end":{"line":44,"column":null}},"15":{"start":{"line":47,"column":4},"end":{"line":55,"column":null}},"16":{"start":{"line":49,"column":21},"end":{"line":49,"column":null}},"17":{"start":{"line":50,"column":6},"end":{"line":50,"column":null}},"18":{"start":{"line":51,"column":6},"end":{"line":54,"column":null}},"19":{"start":{"line":57,"column":4},"end":{"line":57,"column":null}},"20":{"start":{"line":59,"column":4},"end":{"line":59,"column":null}},"21":{"start":{"line":60,"column":4},"end":{"line":60,"column":null}},"22":{"start":{"line":65,"column":44},"end":{"line":114,"column":null}},"23":{"start":{"line":66,"column":2},"end":{"line":113,"column":null}},"24":{"start":{"line":67,"column":32},"end":{"line":67,"column":null}},"25":{"start":{"line":68,"column":32},"end":{"line":68,"column":null}},"26":{"start":{"line":69,"column":17},"end":{"line":69,"column":null}},"27":{"start":{"line":71,"column":4},"end":{"line":73,"column":null}},"28":{"start":{"line":72,"column":6},"end":{"line":72,"column":null}},"29":{"start":{"line":75,"column":4},"end":{"line":77,"column":null}},"30":{"start":{"line":76,"column":6},"end":{"line":76,"column":null}},"31":{"start":{"line":79,"column":23},"end":{"line":79,"column":null}},"32":{"start":{"line":80,"column":4},"end":{"line":82,"column":null}},"33":{"start":{"line":81,"column":6},"end":{"line":81,"column":null}},"34":{"start":{"line":84,"column":22},"end":{"line":87,"column":null}},"35":{"start":{"line":90,"column":4},"end":{"line":92,"column":null}},"36":{"start":{"line":91,"column":6},"end":{"line":91,"column":null}},"37":{"start":{"line":94,"column":4},"end":{"line":107,"column":null}},"38":{"start":{"line":95,"column":31},"end":{"line":97,"column":null}},"39":{"start":{"line":96,"column":8},"end":{"line":96,"column":null}},"40":{"start":{"line":99,"column":6},"end":{"line":106,"column":null}},"41":{"start":{"line":105,"column":8},"end":{"line":105,"column":null}},"42":{"start":{"line":109,"column":4},"end":{"line":109,"column":null}},"43":{"start":{"line":111,"column":4},"end":{"line":111,"column":null}},"44":{"start":{"line":112,"column":4},"end":{"line":112,"column":null}},"45":{"start":{"line":117,"column":45},"end":{"line":181,"column":null}},"46":{"start":{"line":118,"column":2},"end":{"line":180,"column":null}},"47":{"start":{"line":119,"column":32},"end":{"line":119,"column":null}},"48":{"start":{"line":129,"column":8},"end":{"line":129,"column":null}},"49":{"start":{"line":130,"column":17},"end":{"line":130,"column":null}},"50":{"start":{"line":132,"column":4},"end":{"line":136,"column":null}},"51":{"start":{"line":133,"column":6},"end":{"line":135,"column":null}},"52":{"start":{"line":138,"column":4},"end":{"line":140,"column":null}},"53":{"start":{"line":139,"column":6},"end":{"line":139,"column":null}},"54":{"start":{"line":142,"column":23},"end":{"line":142,"column":null}},"55":{"start":{"line":143,"column":4},"end":{"line":145,"column":null}},"56":{"start":{"line":144,"column":6},"end":{"line":144,"column":null}},"57":{"start":{"line":147,"column":28},"end":{"line":147,"column":null}},"58":{"start":{"line":148,"column":4},"end":{"line":150,"column":null}},"59":{"start":{"line":149,"column":6},"end":{"line":149,"column":null}},"60":{"start":{"line":152,"column":24},"end":{"line":157,"column":null}},"61":{"start":{"line":159,"column":4},"end":{"line":159,"column":null}},"62":{"start":{"line":162,"column":4},"end":{"line":174,"column":null}},"63":{"start":{"line":163,"column":34},"end":{"line":163,"column":null}},"64":{"start":{"line":164,"column":6},"end":{"line":164,"column":null}},"65":{"start":{"line":164,"column":21},"end":{"line":164,"column":null}},"66":{"start":{"line":165,"column":6},"end":{"line":165,"column":null}},"67":{"start":{"line":165,"column":17},"end":{"line":165,"column":null}},"68":{"start":{"line":166,"column":6},"end":{"line":166,"column":null}},"69":{"start":{"line":166,"column":18},"end":{"line":166,"column":null}},"70":{"start":{"line":168,"column":6},"end":{"line":173,"column":null}},"71":{"start":{"line":176,"column":4},"end":{"line":176,"column":null}},"72":{"start":{"line":178,"column":4},"end":{"line":178,"column":null}},"73":{"start":{"line":179,"column":4},"end":{"line":179,"column":null}}},"fnMap":{"0":{"name":"(anonymous_0)","decl":{"start":{"line":9,"column":31},"end":{"line":9,"column":38}},"loc":{"start":{"line":9,"column":70},"end":{"line":29,"column":null}},"line":9},"1":{"name":"(anonymous_1)","decl":{"start":{"line":32,"column":43},"end":{"line":32,"column":50}},"loc":{"start":{"line":32,"column":82},"end":{"line":62,"column":null}},"line":32},"2":{"name":"(anonymous_2)","decl":{"start":{"line":65,"column":44},"end":{"line":65,"column":51}},"loc":{"start":{"line":65,"column":83},"end":{"line":114,"column":null}},"line":65},"3":{"name":"(anonymous_3)","decl":{"start":{"line":95,"column":43},"end":{"line":95,"column":50}},"loc":{"start":{"line":96,"column":8},"end":{"line":96,"column":null}},"line":96},"4":{"name":"(anonymous_4)","decl":{"start":{"line":104,"column":9},"end":{"line":104,"column":15}},"loc":{"start":{"line":104,"column":22},"end":{"line":106,"column":7}},"line":104},"5":{"name":"(anonymous_5)","decl":{"start":{"line":117,"column":45},"end":{"line":117,"column":52}},"loc":{"start":{"line":117,"column":84},"end":{"line":181,"column":null}},"line":117}},"branchMap":{"0":{"loc":{"start":{"line":14,"column":4},"end":{"line":16,"column":null}},"type":"if","locations":[{"start":{"line":14,"column":4},"end":{"line":16,"column":null}},{"start":{},"end":{}}],"line":14},"1":{"loc":{"start":{"line":14,"column":8},"end":{"line":14,"column":46}},"type":"binary-expr","locations":[{"start":{"line":14,"column":8},"end":{"line":14,"column":28}},{"start":{"line":14,"column":28},"end":{"line":14,"column":46}}],"line":14},"2":{"loc":{"start":{"line":37,"column":4},"end":{"line":39,"column":null}},"type":"if","locations":[{"start":{"line":37,"column":4},"end":{"line":39,"column":null}},{"start":{},"end":{}}],"line":37},"3":{"loc":{"start":{"line":47,"column":4},"end":{"line":55,"column":null}},"type":"if","locations":[{"start":{"line":47,"column":4},"end":{"line":55,"column":null}},{"start":{},"end":{}}],"line":47},"4":{"loc":{"start":{"line":50,"column":41},"end":{"line":50,"column":65}},"type":"binary-expr","locations":[{"start":{"line":50,"column":41},"end":{"line":50,"column":60}},{"start":{"line":50,"column":60},"end":{"line":50,"column":65}}],"line":50},"5":{"loc":{"start":{"line":71,"column":4},"end":{"line":73,"column":null}},"type":"if","locations":[{"start":{"line":71,"column":4},"end":{"line":73,"column":null}},{"start":{},"end":{}}],"line":71},"6":{"loc":{"start":{"line":71,"column":8},"end":{"line":71,"column":46}},"type":"binary-expr","locations":[{"start":{"line":71,"column":8},"end":{"line":71,"column":28}},{"start":{"line":71,"column":28},"end":{"line":71,"column":46}}],"line":71},"7":{"loc":{"start":{"line":75,"column":4},"end":{"line":77,"column":null}},"type":"if","locations":[{"start":{"line":75,"column":4},"end":{"line":77,"column":null}},{"start":{},"end":{}}],"line":75},"8":{"loc":{"start":{"line":80,"column":4},"end":{"line":82,"column":null}},"type":"if","locations":[{"start":{"line":80,"column":4},"end":{"line":82,"column":null}},{"start":{},"end":{}}],"line":80},"9":{"loc":{"start":{"line":90,"column":4},"end":{"line":92,"column":null}},"type":"if","locations":[{"start":{"line":90,"column":4},"end":{"line":92,"column":null}},{"start":{},"end":{}}],"line":90},"10":{"loc":{"start":{"line":94,"column":4},"end":{"line":107,"column":null}},"type":"if","locations":[{"start":{"line":94,"column":4},"end":{"line":107,"column":null}},{"start":{},"end":{}}],"line":94},"11":{"loc":{"start":{"line":96,"column":8},"end":{"line":96,"column":null}},"type":"binary-expr","locations":[{"start":{"line":96,"column":8},"end":{"line":96,"column":26}},{"start":{"line":96,"column":26},"end":{"line":96,"column":40}},{"start":{"line":96,"column":40},"end":{"line":96,"column":null}}],"line":96},"12":{"loc":{"start":{"line":123,"column":6},"end":{"line":123,"column":null}},"type":"default-a
[...]
":62,"column":4},"end":{"line":62,"column":null}},"13":{"start":{"line":73,"column":43},"end":{"line":92,"column":null}},"14":{"start":{"line":79,"column":2},"end":{"line":91,"column":null}},"15":{"start":{"line":80,"column":23},"end":{"line":80,"column":null}},"16":{"start":{"line":82,"column":4},"end":{"line":88,"column":null}},"17":{"start":{"line":90,"column":4},"end":{"line":90,"column":null}},"18":{"start":{"line":100,"column":47},"end":{"line":117,"column":null}},"19":{"start":{"line":105,"column":2},"end":{"line":116,"column":null}},"20":{"start":{"line":106,"column":23},"end":{"line":106,"column":null}},"21":{"start":{"line":108,"column":4},"end":{"line":113,"column":null}},"22":{"start":{"line":115,"column":4},"end":{"line":115,"column":null}}},"fnMap":{"0":{"name":"(anonymous_0)","decl":{"start":{"line":37,"column":36},"end":{"line":37,"column":null}},"loc":{"start":{"line":41,"column":5},"end":{"line":64,"column":null}},"line":41},"1":{"name":"(anonymous_1)","decl":{"start":{"line":73,"column":43},"end":{"line":73,"column":null}},"loc":{"start":{"line":78,"column":5},"end":{"line":92,"column":null}},"line":78},"2":{"name":"(anonymous_2)","decl":{"start":{"line":100,"column":47},"end":{"line":100,"column":null}},"loc":{"start":{"line":104,"column":5},"end":{"line":117,"column":null}},"line":104}},"branchMap":{"0":{"loc":{"start":{"line":11,"column":0},"end":{"line":15,"column":null}},"type":"if","locations":[{"start":{"line":11,"column":0},"end":{"line":15,"column":null}},{"start":{"line":13,"column":7},"end":{"line":15,"column":null}}],"line":11},"1":{"loc":{"start":{"line":17,"column":0},"end":{"line":19,"column":null}},"type":"if","locations":[{"start":{"line":17,"column":0},"end":{"line":19,"column":null}},{"start":{},"end":{}}],"line":17},"2":{"loc":{"start":{"line":47,"column":17},"end":{"line":47,"column":null}},"type":"binary-expr","locations":[{"start":{"line":47,"column":17},"end":{"line":47,"column":51}},{"start":{"line":47,"column":51},"end":{"line":47,"column":null}}],"line":47},"3":{"loc":{"start":{"line":48,"column":13},"end":{"line":48,"column":null}},"type":"binary-expr","locations":[{"start":{"line":48,"column":13},"end":{"line":48,"column":43}},{"start":{"line":48,"column":43},"end":{"line":48,"column":null}}],"line":48},"4":{"loc":{"start":{"line":49,"column":14},"end":{"line":49,"column":null}},"type":"binary-expr","locations":[{"start":{"line":49,"column":14},"end":{"line":49,"column":45}},{"start":{"line":49,"column":45},"end":{"line":49,"column":null}}],"line":49},"5":{"loc":{"start":{"line":50,"column":27},"end":{"line":50,"column":null}},"type":"binary-expr","locations":[{"start":{"line":50,"column":27},"end":{"line":50,"column":71}},{"start":{"line":50,"column":71},"end":{"line":50,"column":null}}],"line":50},"6":{"loc":{"start":{"line":51,"column":23},"end":{"line":51,"column":null}},"type":"binary-expr","locations":[{"start":{"line":51,"column":23},"end":{"line":51,"column":63}},{"start":{"line":51,"column":63},"end":{"line":51,"column":null}}],"line":51},"7":{"loc":{"start":{"line":52,"column":24},"end":{"line":52,"column":null}},"type":"binary-expr","locations":[{"start":{"line":52,"column":24},"end":{"line":52,"column":65}},{"start":{"line":52,"column":65},"end":{"line":52,"column":null}}],"line":52}},"s":{"0":0,"1":0,"2":0,"3":0,"4":0,"5":0,"6":0,"7":0,"8":0,"9":0,"10":0,"11":0,"12":0,"13":0,"14":0,"15":0,"16":0,"17":0,"18":0,"19":0,"20":0,"21":0,"22":0},"f":{"0":0,"1":0,"2":0},"b":{"0":[0,0],"1":[0,0],"2":[0,0],"3":[0,0],"4":[0,0],"5":[0,0],"6":[0,0],"7":[0,0]},"meta":{"lastBranch":8,"lastFunction":3,"lastStatement":23,"seen":{"s:7:0:7:Infinity":0,"s:9:6:9:Infinity":1,"b:11:0:15:Infinity:13:7:15:Infinity":0,"s:11:0:15:Infinity":2,"s:12:2:12:Infinity":3,"s:14:2:14:Infinity":4,"b:17:0:19:Infinity:undefined:undefined:undefined:undefined":1,"s:17:0:19:Infinity":5,"s:18:2:18:Infinity":6,"s:37:36:64:Infinity":7,"f:37:36:37:Infinity":0,"s:42:2:63:Infinity":8,"s:43:23:43:Infinity":9,"s:45:38:53:Infinity":10,"b:47:17:47:51:47:51:47:Infinity":2,"b:48:13:48:43:48:43:48:Infinity":3,"b:49:14:49:45:49:45:49:Infinity":4,"b:50:27:50:71:50:71:50:Infinity":5,"b:51:23:51:63:51:63:51:Infinity":6,"b:52:24:52:65:52:65:52:Infinity":7,"s:55:4:60:Infinity":11,"s:62:4:62:Infinity":12,"s:73:43:92:Infinity":13,"f:73:43:73:Infinity":1,"s:79:2:91:Infinity":14,"s:80:23:80:Infinity":15,"s:82:4:88:Infinity":16,"s:90:4:90:Infinity":17,"s:100:47:117:Infinity":18,"f:100:47:100:Infinity":2,"s:105:2:116:Infinity":19,"s:106:23:106:Infinity":20,"s:108:4:113:Infinity":21,"s:115:4:115:Infinity":22}}}
,"/Users/jakeunsted/Documents/Git/meal-diary-1/api/test/globalSetup.ts": {"path":"/Users/jakeunsted/Documents/Git/meal-diary-1/api/test/globalSetup.ts","statementMap":{"0":{"start":{"line":6,"column":2},"end":{"line":6,"column":null}},"1":{"start":{"line":7,"column":2},"end":{"line":7,"column":null}},"2":{"start":{"line":8,"column":2},"end":{"line":8,"column":null}},"3":{"start":{"line":12,"column":2},"end":{"line":12,"column":null}},"4":{"start":{"line":14,"column":2},"end":{"line":22,"column":null}},"5":{"start":{"line":23,"column":2},"end":{"line":23,"column":null}},"6":{"start":{"line":24,"column":2},"end":{"line":24,"column":null}},"7":{"start":{"line":26,"column":2},"end":{"line":26,"column":null}},"8":{"start":{"line":27,"column":2},"end":{"line":27,"column":null}}},"fnMap":{"0":{"name":"setup","decl":{"start":{"line":5,"column":22},"end":{"line":5,"column":30}},"loc":{"start":{"line":5,"column":30},"end":{"line":9,"column":null}},"line":5},"1":{"name":"teardown","decl":{"start":{"line":11,"column":22},"end":{"line":11,"column":33}},"loc":{"start":{"line":11,"column":33},"end":{"line":28,"column":null}},"line":11}},"branchMap":{},"s":{"0":0,"1":0,"2":0,"3":0,"4":0,"5":0,"6":0,"7":0,"8":0},"f":{"0":0,"1":0},"b":{},"meta":{"lastBranch":0,"lastFunction":2,"lastStatement":9,"seen":{"f:5:22:5:30":0,"s:6:2:6:Infinity":0,"s:7:2:7:Infinity":1,"s:8:2:8:Infinity":2,"f:11:22:11:33":1,"s:12:2:12:Infinity":3,"s:14:2:22:Infinity":4,"s:23:2:23:Infinity":5,"s:24:2:24:Infinity":6,"s:26:2:26:Infinity":7,"s:27:2:27:Infinity":8}}}
,"/Users/jakeunsted/Documents/Git/meal-diary-1/api/utils/posthog.ts": {"path":"/Users/jakeunsted/Documents/Git/meal-diary-1/api/utils/posthog.ts","statementMap":{"0":{"start":{"line":4,"column":36},"end":{"line":4,"column":null}},"1":{"start":{"line":9,"column":13},"end":{"line":36,"column":null}},"2":{"start":{"line":10,"column":2},"end":{"line":34,"column":null}},"3":{"start":{"line":11,"column":4},"end":{"line":16,"column":null}},"4":{"start":{"line":12,"column":6},"end":{"line":14,"column":null}},"5":{"start":{"line":13,"column":8},"end":{"line":13,"column":null}},"6":{"start":{"line":15,"column":6},"end":{"line":15,"column":null}},"7":{"start":{"line":18,"column":17},"end":{"line":18,"column":null}},"8":{"start":{"line":20,"column":4},"end":{"line":33,"column":null}},"9":{"start":{"line":21,"column":6},"end":{"line":25,"column":null}},"10":{"start":{"line":27,"column":6},"end":{"line":29,"column":null}},"11":{"start":{"line":28,"column":8},"end":{"line":28,"column":null}},"12":{"start":{"line":31,"column":6},"end":{"line":31,"column":null}},"13":{"start":{"line":32,"column":6},"end":{"line":32,"column":null}},"14":{"start":{"line":35,"column":2},"end":{"line":35,"column":null}},"15":{"start":{"line":44,"column":26},"end":{"line":96,"column":null}},"16":{"start":{"line":50,"column":2},"end":{"line":52,"column":null}},"17":{"start":{"line":51,"column":4},"end":{"line":51,"column":null}},"18":{"start":{"line":54,"column":18},"end":{"line":54,"column":null}},"19":{"start":{"line":55,"column":2},"end":{"line":58,"column":null}},"20":{"start":{"line":56,"column":4},"end":{"line":56,"column":null}},"21":{"start":{"line":57,"column":4},"end":{"line":57,"column":null}},"22":{"start":{"line":60,"column":2},"end":{"line":63,"column":null}},"23":{"start":{"line":61,"column":4},"end":{"line":61,"column":null}},"24":{"start":{"line":62,"column":4},"end":{"line":62,"column":null}},"25":{"start":{"line":65,"column":2},"end":{"line":95,"column":null}},"26":{"start":{"line":66,"column":4},"end":{"line":73,"column":null}},"27":{"start":{"line":75,"column":4},"end":{"line":75,"column":null}},"28":{"start":{"line":78,"column":4},"end":{"line":82,"column":null}},"29":{"start":{"line":79,"column":6},"end":{"line":79,"column":null}},"30":{"start":{"line":81,"column":6},"end":{"line":81,"column":null}},"31":{"start":{"line":85,"column":25},"end":{"line":85,"column":null}},"32":{"start":{"line":86,"column":23},"end":{"line":86,"column":null}},"33":{"start":{"line":87,"column":4},"end":{"line":94,"column":null}},"34":{"start":{"line":103,"column":28},"end":{"line":123,"column":null}},"35":{"start":{"line":107,"column":18},"end":{"line":107,"column":null}},"36":{"start":{"line":108,"column":2},"end":{"line":122,"column":null}},"37":{"start":{"line":109,"column":4},"end":{"line":121,"column":null}},"38":{"start":{"line":110,"column":6},"end":{"line":116,"column":null}},"39":{"start":{"line":118,"column":6},"end":{"line":118,"column":null}},"40":{"start":{"line":120,"column":6},"end":{"line":120,"column":null}},"41":{"start":{"line":130,"column":13},"end":{"line":142,"column":null}},"42":{"start":{"line":132,"column":2},"end":{"line":134,"column":null}},"43":{"start":{"line":133,"column":4},"end":{"line":133,"column":null}},"44":{"start":{"line":135,"column":2},"end":{"line":137,"column":null}},"45":{"start":{"line":136,"column":4},"end":{"line":136,"column":null}},"46":{"start":{"line":140,"column":13},"end":{"line":140,"column":null}},"47":{"start":{"line":141,"column":2},"end":{"line":141,"column":null}},"48":{"start":{"line":151,"column":26},"end":{"line":170,"column":null}},"49":{"start":{"line":157,"column":21},"end":{"line":157,"column":null}},"50":{"start":{"line":158,"column":23},"end":{"line":158,"column":null}},"51":{"start":{"line":159,"column":21},"end":{"line":159,"column":null}},"52":{"start":{"line":161,"column":2},"end":{"line":169,"column":null}},"53":{"start":{"line":175,"column":31},"end":{"line":180,"column":null}},"54":{"start":{"line":176,"column":2},"end":{"line":179,"column":null}},"55":{"start":{"line":177,"column":4},"end":{"line":177,"column":null}},"56":{"start":{"line":178,"column":4},"end":{"line":178,"column":null}}},"fnMap":{"0":{"name":"(anonymous_0)","decl":{"start":{"line":9,"column":13},"end":{"line":9,"column":48}},"loc":{"start":{"line":9,"column":48},"end":{"line":36,"column":null}},"line":9},"1":{"name":"(anonymous_1)","decl":{"start":{"line":44,"column":26},"end":{"line":44,"column":null}},"loc":{"start":{"line":48,"column":20},"end":{"line":96,"column":null}},"line":48},"2":{"name":"(anonymous_2)","decl":{"start":{"line":103,"column":28},"end":{"line":103,"column":null}},"loc":{"start":{"line":106,"column":20},"end":{"line":123,"column":null}},"line":106},"3":{"name":"(anonymous_3)","decl":{"start":{"line":130,"column":13},"end":{"line":130,"column":30}},"loc":{"start":{"line":130,"column":55},"end":{"line":142,"column":null}},"line":130},"4":{"name":"(anonymous_4)","decl":{"start":{"line":151,"column":26},"end":{"line":151,"column":null}},"loc":{"start":{"line":156,"column":20},"end":{"line":170,"column":null}},"line":156},"5":{"name":"(anonymous_5)","decl":{"start":{"line":175,"column":31},"end":{"line":175,"column":58}},"loc":{"start":{"line":175,"column":58},"end":{"line":180,"column":null}},"line":175}},"branchMap":{"0":{"loc":{"start":{"line":10,"column":2},"end":{"line":34,"column":null}},"type":"if","locations":[{"start":{"line":10,"column":2},"end":{"line":34,"column":null}},{"start":{},"end":{}}],"line":10},"1":{"loc":{"start":{"line":11,"column":4},"end":{"line":16,"column":null}},"type":"if","locations":[{"start":{"line":11,"column":4},"end":{"line":16,"column":null}},{"start":{},"end":{}}],"line":11},"2":{"loc":{"start":{"line":12,"column":6},"end":{"line":14,"column":null}},"type":"if","locations":[{"start":{"line":12,"column":6},"end":{"line":14,"column":null}},{"start":{},"end":{}}],"line":12},"3":{"loc":{"start":{"line":18,"column":17},"end":{"line":18,"column":null}},"type":"binary-expr","locations":[{"start":{"line":18,"column":17},"end":{"line":18,"column":45}},{"start":{"line":18,"column":45},"end":{"line":18,"column":null}}],"line":18},"4":{"loc":{"start":{"line":27,"column":6},"end":{"line":29,"column":null}},"type":"if","locations":[{"start":{"line":27,"column":6},"end":{"line":29,"column":null}},{"start":{},"end":{}}],"line":27},"5":{"loc":{"start":{"line":50,"column":2},"end":{"line":52,"column":null}},"type":"if","locations":[{"start":{"line":50,"column":2},"end":{"line":52,"column":null}},{"start":{},"end":{}}],"line":50},"6":{"loc":{"start":{"line":55,"column":2},"end":{"line":58,"column":null}},"type":"if","locations":[{"start":{"line":55,"column":2},"end":{"line":58,"column":null}},{"start":{},"end":{}}],"line":55},"7":{"loc":{"start":{"line":60,"column":2},"end":{"line":63,"column":null}},"type":"if","locations":[{"start":{"line":60,"column":2},"end":{"line":63,"column":null}},{"start":{},"end":{}}],"line":60},"8":{"loc":{"start":{"line":78,"column":4},"end":{"line":82,"column":null}},"type":"if","locations":[{"start":{"line":78,"column":4},"end":{"line":82,"column":null}},{"start":{"line":80,"column":11},"end":{"line":82,"column":null}}],"line":78},"9":{"loc":{"start":{"line":85,"column":25},"end":{"line":85,"column":null}},"type":"cond-expr","locations":[{"start":{"line":85,"column":48},"end":{"line":85,"column":62}},{"start":{"line":85,"column":62},"end":{"line":85,"column":null}}],"line":85},"10":{"loc":{"start":{"line":86,"column":23},"end":{"line":86,"column":null}},"type":"cond-expr","locations":[{"start":{"line":86,"column":46},"end":{"line":86,"column":58}},{"start":{"line":86,"column":58},"end":{"line":86,"column":null}}],"line":86},"11":{"loc":{"start":{"line":108,"column":2},"end":{"line":122,"column":null}},"type":"if","locations":[{"start":{"line":108,"column":2},"end":{"line":122,"column":null}},{"start":{},"end":{}}],"line":108},"12":{"loc":{"start":{"line":108,"column":6},"end":{"line":108,"column":29}},"type":"binary-expr","locations":[{"start":{"line":108,"column":6},"end":{"line":108,"column":17}},{"start":{"line":108,"column":17},"end":{"line":108,"column":29}}],"line":108},"13":{"loc":{"start":{"line":132,"column":2},"end":{"line":134,"column":null}},"type":"if","locations":[{"start":{"line":132,"column":2},"end":{"line":134,"column":null}},{"start":{},"end":{}}],"line":132},"14":{"loc":{"start":{"line":132,"column":6},"end":{"line":132,"column":52}},"type":"binary-expr","locations":[{"start":{"line":132,"column":6},"end":{"line":132,"column":19}},{"start":{"line":132,"column":19},"end":{"line":132,"column":52}}],"line":132},"15":{"loc":{"start":{"line":135,"column":2},"end":{"line":137,"column":null}},"type":"if","locations":[{"start":{"line":135,"column":2},"end":{"line":137,"column":null}},{"start":{},"end":{}}],"line":135},"16":{"loc":{"start":{"line":135,"column":6},"end":{"line":135,"column":40}},"type":"binary-expr","locations":[{"start":{"line":135,"column":6},"end":{"line":135,"column":19}},{"start":{"line":135,"column":19},"end":{"line":135,"column":40}}],"line":135},"17":{"loc":{"start":{"line":140,"column":13},"end":{"line":140,"column":null}},"type":"binary-expr","locations":[{"start":{"line":140,"column":13},"end":{"line":140,"column":23}},{"start":{"line":140,"column":23},"end":{"line":140,"column":51}},{"start":{"line":140,"column":51},"end":{"line":140,"column":null}}],"line":140},"18":{"loc":{"start":{"line":158,"column":23},"end":{"line":158,"column":null}},"type":"cond-expr","locations":[{"start":{"line":158,"column":48},"end":{"line":158,"column":64}},{"start":{"line":158,"column":64},"end":{"line":158,"column":null}}],"line":158},"19":{"loc":{"start":{"line":159,"column":21},"end":{"line":159,"column":null}},"type":"cond-expr","locations":[{"start":{"line":159,"column":46},"end":{"line":159,"column":60}},{"start":{"line":159,"column":60},"end":{"line":159,"column":null}}],"line":159},"20":{"loc":{"start":{"line":167,"column":13},"end":{"line":167,"column":null}},"type":"cond-expr","locations":[{"start":{"line":167,"column":24},"end":{"line":167,"column":45}},{"start":{"line":167,"column":45},"end":{"line":167,"column":null}}],"line":167},"21":{"loc":{"start":{"line":176,"column":2},"end":{"line":179,"column":null}},"type":"if","locations":[{"start":{"line":176,"column":2},"end":{"line":179,"column":null}},{"start":{},"end":{}}],"line":176}},"s":{"0":0,"1":0,"2":0,"3":0,"4":0,"5":0,"6":0,"7":0,"8":0,"9":0,"10":0,"11":0,"12":0,"13":0,"14":0,"15":0,"16":0,"17":0,"18":0,"19":0,"20":0,"21":0,"22":0,"23":0,"24":0,"25":0,"26":0,"27":0,"28":0,"29":0,"30":0,"31":0,"32":0,"33":0,"34":0,"35":0,"36":0,"37":0,"38":0,"39":0,"40":0,"41":0,"42":0,"43":0,"44":0,"45":0,"46":0,"47":0,"48":0,"49":0,"50":0,"51":0,"52":0,"53":0,"54":0,"55":0,"56":0},"f":{"0":0,"1":0,"2":0,"3":0,"4":0,"5":0},"b":{"0":[0,0],"1":[0,0],"2":[0,0],"3":[0,0],"4":[0,0],"5":[0,0],"6":[0,0],"7":[0,0],"8":[0,0],"9":[0,0],"10":[0,0],"11":[0,0],"12":[0,0],"13":[0,0],"14":[0,0],"15":[0,0],"16":[0,0],"17":[0,0,0],"18":[0,0],"19":[0,0],"20":[0,0],"21":[0,0]},"meta":{"lastBranch":22,"lastFunction":6,"lastStatement":57,"seen":{"s:4:36:4:Infinity":0,"s:9:13:36:Infinity":1,"f:9:13:9:48":0,"b:10:2:34:Infinity:undefined:undefined:undefined:undefined":0,"s:10:2:34:Infinity":2,"b:11:4:16:Infinity:undefined:undefined:undefined:undefined":1,"s:11:4:16:Infinity":3,"b:12:6:14:Infinity:undefined:undefined:undefined:undefined":2,"s:12:6:14:Infinity":4,"s:13:8:13:Infinity":5,"s:15:6:15:Infinity":6,"s:18:17:18:Infinity":7,"b:18:17:18:45:18:45:18:Infinity":3,"s:20:4:33:Infinity":8,"s:21:6:25:Infinity":9,"b:27:6:29:Infinity:undefined:undefined:undefined:undefined":4,"s:27:6:29:Infinity":10,"s:28:8:28:Infinity":11,"s:31:6:31:Infinity":12,"s:32:6:32:Infinity":13,"s:35:2:35:Infinity":14,"s:44:26:96:Infinity":15,"f:44:26:44:Infinity":1,"b:50:2:52:Infinity:undefined:undefined:undefined:undefined":5,"s:50:2:52:Infinity":16,"s:51:4:51:Infinity":17,"s:54:18:54:Infinity":18,"b:55:2:58:Infinity:undefined:undefined:undefined:undefined":6,"s:55:2:58:Infinity":19,"s:56:4:56:Infinity":20,"s:57:4:57:Infinity":21,"b:60:2:63:Infinity:undefined:undefined:undefined:undefined":7,"s:60:2:63:Infinity":22,"s:61:4:61:Infinity":23,"s:62:4:62:Infinity":24,"s:65:2:95:Infinity":25,"s:66:4:73:Infinity":26,"s:75:4:75:Infinity":27,"b:78:4:82:Infinity:80:11:82:Infinity":8,"s:78:4:82:Infinity":28,"s:79:6:79:Infinity":29,"s:81:6:81:Infinity":30,"s:85:25:85:Infinity":31,"b:85:48:85:62:85:62:85:Infinity":9,"s:86:23:86:Infinity":32,"b:86:46:86:58:86:58:86:Infinity":10,"s:87:4:94:Infinity":33,"s:103:28:123:Infinity":34,"f:103:28:103:Infinity":2,"s:107:18:107:Infinity":35,"b:108:2:122:Infinity:undefined:undefined:undefined:undefined":11,"s:108:2:122:Infinity":36,"b:108:6:108:17:108:17:108:29":12,"s:109:4:121:Infinity":37,"s:110:6:116:Infinity":38,"s:118:6:118:Infinity":39,"s:120:6:120:Infinity":40,"s:130:13:142:Infinity":41,"f:130:13:130:30":3,"b:132:2:134:Infinity:undefined:undefined:undefined:undefined":13,"s:132:2:134:Infinity":42,"b:132:6:132:19:132:19:132:52":14,"s:133:4:133:Infinity":43,"b:135:2:137:Infinity:undefined:undefined:undefined:undefined":15,"s:135:2:137:Infinity":44,"b:135:6:135:19:135:19:135:40":16,"s:136:4:136:Infinity":45,"s:140:13:140:Infinity":46,"b:140:13:140:23:140:23:140:51:140:51:140:Infinity":17,"s:141:2:141:Infinity":47,"s:151:26:170:Infinity":48,"f:151:26:151:Infinity":4,"s:157:21:157:Infinity":49,"s:158:23:158:Infinity":50,"b:158:48:158:64:158:64:158:Infinity":18,"s:159:21:159:Infinity":51,"b:159:46:159:60:159:60:159:Infinity":19,"s:161:2:169:Infinity":52,"b:167:24:167:45:167:45:167:Infinity":20,"s:175:31:180:Infinity":53,"f:175:31:175:58":5,"b:176:2:179:Infinity:undefined:undefined:undefined:undefined":21,"s:176:2:179:Infinity":54,"s:177:4:177:Infinity":55,"s:178:4:178:Infinity":56}}}
}
